{"C:\\Users\\fatim\\Downloads\\JS-Code-Analyzer-main\\JS-Code-Analyzer-main\\conditionalCoverageanalyzer.js":{"path":"C:\\Users\\fatim\\Downloads\\JS-Code-Analyzer-main\\JS-Code-Analyzer-main\\conditionalCoverageanalyzer.js","statementMap":{"0":{"start":{"line":1,"column":11},"end":{"line":1,"column":24}},"1":{"start":{"line":2,"column":14},"end":{"line":2,"column":30}},"2":{"start":{"line":3,"column":21},"end":{"line":3,"column":56}},"3":{"start":{"line":6,"column":17},"end":{"line":6,"column":52}},"4":{"start":{"line":9,"column":12},"end":{"line":9,"column":77}},"5":{"start":{"line":13,"column":2},"end":{"line":19,"column":3}},"6":{"start":{"line":18,"column":4},"end":{"line":18,"column":41}},"7":{"start":{"line":22,"column":2},"end":{"line":26,"column":3}},"8":{"start":{"line":23,"column":4},"end":{"line":25,"column":5}},"9":{"start":{"line":24,"column":6},"end":{"line":24,"column":45}},"10":{"start":{"line":30,"column":19},"end":{"line":30,"column":21}},"11":{"start":{"line":33,"column":0},"end":{"line":33,"column":33}},"12":{"start":{"line":36,"column":26},"end":{"line":36,"column":43}},"13":{"start":{"line":37,"column":27},"end":{"line":37,"column":28}},"14":{"start":{"line":39,"column":2},"end":{"line":44,"column":5}},"15":{"start":{"line":40,"column":31},"end":{"line":40,"column":57}},"16":{"start":{"line":41,"column":4},"end":{"line":43,"column":5}},"17":{"start":{"line":42,"column":6},"end":{"line":42,"column":27}},"18":{"start":{"line":46,"column":29},"end":{"line":46,"column":73}},"19":{"start":{"line":47,"column":2},"end":{"line":49,"column":4}},"20":{"start":{"line":50,"column":2},"end":{"line":50,"column":52}},"21":{"start":{"line":51,"column":2},"end":{"line":51,"column":58}},"22":{"start":{"line":52,"column":2},"end":{"line":52,"column":75}},"23":{"start":{"line":53,"column":2},"end":{"line":55,"column":4}},"24":{"start":{"line":59,"column":0},"end":{"line":64,"column":2}}},"fnMap":{"0":{"name":"countConditions","decl":{"start":{"line":12,"column":9},"end":{"line":12,"column":24}},"loc":{"start":{"line":12,"column":43},"end":{"line":27,"column":1}},"line":12},"1":{"name":"calculateAndDisplayResults","decl":{"start":{"line":35,"column":9},"end":{"line":35,"column":35}},"loc":{"start":{"line":35,"column":62},"end":{"line":56,"column":1}},"line":35},"2":{"name":"(anonymous_2)","decl":{"start":{"line":39,"column":21},"end":{"line":39,"column":22}},"loc":{"start":{"line":39,"column":37},"end":{"line":44,"column":3}},"line":39}},"branchMap":{"0":{"loc":{"start":{"line":13,"column":2},"end":{"line":19,"column":3}},"type":"if","locations":[{"start":{"line":13,"column":2},"end":{"line":19,"column":3}},{"start":{"line":13,"column":2},"end":{"line":19,"column":3}}],"line":13},"1":{"loc":{"start":{"line":14,"column":4},"end":{"line":16,"column":34}},"type":"binary-expr","locations":[{"start":{"line":14,"column":4},"end":{"line":14,"column":31}},{"start":{"line":15,"column":4},"end":{"line":15,"column":32}},{"start":{"line":16,"column":4},"end":{"line":16,"column":34}}],"line":14},"2":{"loc":{"start":{"line":23,"column":4},"end":{"line":25,"column":5}},"type":"if","locations":[{"start":{"line":23,"column":4},"end":{"line":25,"column":5}},{"start":{"line":23,"column":4},"end":{"line":25,"column":5}}],"line":23},"3":{"loc":{"start":{"line":23,"column":8},"end":{"line":23,"column":50}},"type":"binary-expr","locations":[{"start":{"line":23,"column":8},"end":{"line":23,"column":17}},{"start":{"line":23,"column":21},"end":{"line":23,"column":50}}],"line":23},"4":{"loc":{"start":{"line":41,"column":4},"end":{"line":43,"column":5}},"type":"if","locations":[{"start":{"line":41,"column":4},"end":{"line":43,"column":5}},{"start":{"line":41,"column":4},"end":{"line":43,"column":5}}],"line":41},"5":{"loc":{"start":{"line":41,"column":8},"end":{"line":41,"column":66}},"type":"binary-expr","locations":[{"start":{"line":41,"column":8},"end":{"line":41,"column":40}},{"start":{"line":41,"column":44},"end":{"line":41,"column":66}}],"line":41}},"s":{"0":0,"1":0,"2":0,"3":0,"4":0,"5":0,"6":0,"7":0,"8":0,"9":0,"10":0,"11":0,"12":0,"13":0,"14":0,"15":0,"16":0,"17":0,"18":0,"19":0,"20":0,"21":0,"22":0,"23":0,"24":0},"f":{"0":0,"1":0,"2":0},"b":{"0":[0,0],"1":[0,0,0],"2":[0,0],"3":[0,0],"4":[0,0],"5":[0,0]},"all":true},"C:\\Users\\fatim\\Downloads\\JS-Code-Analyzer-main\\JS-Code-Analyzer-main\\converToPdf.js":{"path":"C:\\Users\\fatim\\Downloads\\JS-Code-Analyzer-main\\JS-Code-Analyzer-main\\converToPdf.js","statementMap":{"0":{"start":{"line":1,"column":18},"end":{"line":1,"column":38}},"1":{"start":{"line":3,"column":0},"end":{"line":15,"column":5}},"2":{"start":{"line":4,"column":18},"end":{"line":4,"column":42}},"3":{"start":{"line":5,"column":15},"end":{"line":5,"column":38}},"4":{"start":{"line":6,"column":2},"end":{"line":11,"column":4}},"5":{"start":{"line":12,"column":2},"end":{"line":12,"column":64}},"6":{"start":{"line":14,"column":2},"end":{"line":14,"column":24}}},"fnMap":{"0":{"name":"(anonymous_0)","decl":{"start":{"line":3,"column":1},"end":{"line":3,"column":2}},"loc":{"start":{"line":3,"column":13},"end":{"line":15,"column":1}},"line":3}},"branchMap":{},"s":{"0":0,"1":0,"2":0,"3":0,"4":0,"5":0,"6":0},"f":{"0":0},"b":{},"all":true},"C:\\Users\\fatim\\Downloads\\JS-Code-Analyzer-main\\JS-Code-Analyzer-main\\functionalCoverageanalyzer.js":{"path":"C:\\Users\\fatim\\Downloads\\JS-Code-Analyzer-main\\JS-Code-Analyzer-main\\functionalCoverageanalyzer.js","statementMap":{"0":{"start":{"line":1,"column":11},"end":{"line":1,"column":24}},"1":{"start":{"line":2,"column":14},"end":{"line":2,"column":30}},"2":{"start":{"line":3,"column":21},"end":{"line":3,"column":56}},"3":{"start":{"line":6,"column":17},"end":{"line":6,"column":52}},"4":{"start":{"line":9,"column":12},"end":{"line":9,"column":77}},"5":{"start":{"line":12,"column":24},"end":{"line":12,"column":26}},"6":{"start":{"line":13,"column":18},"end":{"line":13,"column":20}},"7":{"start":{"line":16,"column":2},"end":{"line":21,"column":3}},"8":{"start":{"line":17,"column":4},"end":{"line":20,"column":7}},"9":{"start":{"line":23,"column":2},"end":{"line":29,"column":3}},"10":{"start":{"line":24,"column":4},"end":{"line":28,"column":7}},"11":{"start":{"line":31,"column":2},"end":{"line":35,"column":3}},"12":{"start":{"line":32,"column":4},"end":{"line":34,"column":5}},"13":{"start":{"line":33,"column":6},"end":{"line":33,"column":26}},"14":{"start":{"line":38,"column":0},"end":{"line":38,"column":14}},"15":{"start":{"line":41,"column":20},"end":{"line":41,"column":29}},"16":{"start":{"line":43,"column":0},"end":{"line":48,"column":1}},"17":{"start":{"line":44,"column":18},"end":{"line":46,"column":3}},"18":{"start":{"line":45,"column":16},"end":{"line":45,"column":69}},"19":{"start":{"line":47,"column":2},"end":{"line":47,"column":33}},"20":{"start":{"line":51,"column":24},"end":{"line":51,"column":26}},"21":{"start":{"line":53,"column":0},"end":{"line":75,"column":1}},"22":{"start":{"line":54,"column":18},"end":{"line":54,"column":39}},"23":{"start":{"line":55,"column":2},"end":{"line":74,"column":3}},"24":{"start":{"line":56,"column":4},"end":{"line":73,"column":5}},"25":{"start":{"line":57,"column":19},"end":{"line":57,"column":30}},"26":{"start":{"line":59,"column":8},"end":{"line":61,"column":16}},"27":{"start":{"line":63,"column":6},"end":{"line":72,"column":7}},"28":{"start":{"line":70,"column":8},"end":{"line":70,"column":37}},"29":{"start":{"line":71,"column":8},"end":{"line":71,"column":27}},"30":{"start":{"line":77,"column":21},"end":{"line":77,"column":43}},"31":{"start":{"line":78,"column":28},"end":{"line":78,"column":50}},"32":{"start":{"line":80,"column":0},"end":{"line":80,"column":44}},"33":{"start":{"line":81,"column":0},"end":{"line":81,"column":54}},"34":{"start":{"line":83,"column":23},"end":{"line":83,"column":39}},"35":{"start":{"line":84,"column":26},"end":{"line":84,"column":72}},"36":{"start":{"line":84,"column":53},"end":{"line":84,"column":64}},"37":{"start":{"line":86,"column":0},"end":{"line":86,"column":48}},"38":{"start":{"line":87,"column":0},"end":{"line":87,"column":54}}},"fnMap":{"0":{"name":"traverse","decl":{"start":{"line":15,"column":9},"end":{"line":15,"column":17}},"loc":{"start":{"line":15,"column":24},"end":{"line":36,"column":1}},"line":15},"1":{"name":"(anonymous_1)","decl":{"start":{"line":45,"column":4},"end":{"line":45,"column":5}},"loc":{"start":{"line":45,"column":16},"end":{"line":45,"column":69}},"line":45},"2":{"name":"(anonymous_2)","decl":{"start":{"line":84,"column":43},"end":{"line":84,"column":44}},"loc":{"start":{"line":84,"column":53},"end":{"line":84,"column":64}},"line":84}},"branchMap":{"0":{"loc":{"start":{"line":16,"column":2},"end":{"line":21,"column":3}},"type":"if","locations":[{"start":{"line":16,"column":2},"end":{"line":21,"column":3}},{"start":{"line":16,"column":2},"end":{"line":21,"column":3}}],"line":16},"1":{"loc":{"start":{"line":16,"column":6},"end":{"line":16,"column":73}},"type":"binary-expr","locations":[{"start":{"line":16,"column":6},"end":{"line":16,"column":36}},{"start":{"line":16,"column":40},"end":{"line":16,"column":73}}],"line":16},"2":{"loc":{"start":{"line":23,"column":2},"end":{"line":29,"column":3}},"type":"if","locations":[{"start":{"line":23,"column":2},"end":{"line":29,"column":3}},{"start":{"line":23,"column":2},"end":{"line":29,"column":3}}],"line":23},"3":{"loc":{"start":{"line":32,"column":4},"end":{"line":34,"column":5}},"type":"if","locations":[{"start":{"line":32,"column":4},"end":{"line":34,"column":5}},{"start":{"line":32,"column":4},"end":{"line":34,"column":5}}],"line":32},"4":{"loc":{"start":{"line":32,"column":8},"end":{"line":32,"column":50}},"type":"binary-expr","locations":[{"start":{"line":32,"column":8},"end":{"line":32,"column":17}},{"start":{"line":32,"column":21},"end":{"line":32,"column":50}}],"line":32},"5":{"loc":{"start":{"line":45,"column":16},"end":{"line":45,"column":69}},"type":"binary-expr","locations":[{"start":{"line":45,"column":16},"end":{"line":45,"column":41}},{"start":{"line":45,"column":45},"end":{"line":45,"column":69}}],"line":45},"6":{"loc":{"start":{"line":55,"column":2},"end":{"line":74,"column":3}},"type":"if","locations":[{"start":{"line":55,"column":2},"end":{"line":74,"column":3}},{"start":{"line":55,"column":2},"end":{"line":74,"column":3}}],"line":55},"7":{"loc":{"start":{"line":59,"column":8},"end":{"line":61,"column":16}},"type":"cond-expr","locations":[{"start":{"line":60,"column":12},"end":{"line":60,"column":43}},{"start":{"line":61,"column":12},"end":{"line":61,"column":16}}],"line":59},"8":{"loc":{"start":{"line":59,"column":8},"end":{"line":59,"column":68}},"type":"binary-expr","locations":[{"start":{"line":59,"column":8},"end":{"line":59,"column":33}},{"start":{"line":59,"column":37},"end":{"line":59,"column":68}}],"line":59},"9":{"loc":{"start":{"line":63,"column":6},"end":{"line":72,"column":7}},"type":"if","locations":[{"start":{"line":63,"column":6},"end":{"line":72,"column":7}},{"start":{"line":63,"column":6},"end":{"line":72,"column":7}}],"line":63},"10":{"loc":{"start":{"line":64,"column":8},"end":{"line":68,"column":38}},"type":"binary-expr","locations":[{"start":{"line":64,"column":8},"end":{"line":64,"column":21}},{"start":{"line":65,"column":8},"end":{"line":65,"column":27}},{"start":{"line":66,"column":8},"end":{"line":66,"column":40}},{"start":{"line":67,"column":8},"end":{"line":67,"column":25}},{"start":{"line":68,"column":8},"end":{"line":68,"column":38}}],"line":64}},"s":{"0":0,"1":0,"2":0,"3":0,"4":0,"5":0,"6":0,"7":0,"8":0,"9":0,"10":0,"11":0,"12":0,"13":0,"14":0,"15":0,"16":0,"17":0,"18":0,"19":0,"20":0,"21":0,"22":0,"23":0,"24":0,"25":0,"26":0,"27":0,"28":0,"29":0,"30":0,"31":0,"32":0,"33":0,"34":0,"35":0,"36":0,"37":0,"38":0},"f":{"0":0,"1":0,"2":0},"b":{"0":[0,0],"1":[0,0],"2":[0,0],"3":[0,0],"4":[0,0],"5":[0,0],"6":[0,0],"7":[0,0],"8":[0,0],"9":[0,0],"10":[0,0,0,0,0]},"all":true},"C:\\Users\\fatim\\Downloads\\JS-Code-Analyzer-main\\JS-Code-Analyzer-main\\module_exports_appender.js":{"path":"C:\\Users\\fatim\\Downloads\\JS-Code-Analyzer-main\\JS-Code-Analyzer-main\\module_exports_appender.js","statementMap":{"0":{"start":{"line":1,"column":11},"end":{"line":1,"column":24}},"1":{"start":{"line":2,"column":14},"end":{"line":2,"column":30}},"2":{"start":{"line":3,"column":13},"end":{"line":3,"column":34}},"3":{"start":{"line":6,"column":20},"end":{"line":6,"column":55}},"4":{"start":{"line":9,"column":12},"end":{"line":9,"column":63}},"5":{"start":{"line":12,"column":34},"end":{"line":12,"column":39}},"6":{"start":{"line":13,"column":0},"end":{"line":25,"column":3}},"7":{"start":{"line":15,"column":4},"end":{"line":23,"column":5}},"8":{"start":{"line":22,"column":6},"end":{"line":22,"column":41}},"9":{"start":{"line":28,"column":22},"end":{"line":28,"column":24}},"10":{"start":{"line":29,"column":0},"end":{"line":33,"column":3}},"11":{"start":{"line":31,"column":4},"end":{"line":31,"column":37}},"12":{"start":{"line":36,"column":28},"end":{"line":36,"column":79}},"13":{"start":{"line":39,"column":27},"end":{"line":39,"column":69}},"14":{"start":{"line":42,"column":0},"end":{"line":42,"column":57}},"15":{"start":{"line":44,"column":0},"end":{"line":48,"column":1}},"16":{"start":{"line":45,"column":2},"end":{"line":45,"column":52}},"17":{"start":{"line":47,"column":2},"end":{"line":47,"column":62}}},"fnMap":{"0":{"name":"(anonymous_0)","decl":{"start":{"line":14,"column":2},"end":{"line":14,"column":3}},"loc":{"start":{"line":14,"column":29},"end":{"line":24,"column":3}},"line":14},"1":{"name":"(anonymous_1)","decl":{"start":{"line":30,"column":2},"end":{"line":30,"column":3}},"loc":{"start":{"line":30,"column":28},"end":{"line":32,"column":3}},"line":30}},"branchMap":{"0":{"loc":{"start":{"line":15,"column":4},"end":{"line":23,"column":5}},"type":"if","locations":[{"start":{"line":15,"column":4},"end":{"line":23,"column":5}},{"start":{"line":15,"column":4},"end":{"line":23,"column":5}}],"line":15},"1":{"loc":{"start":{"line":16,"column":6},"end":{"line":20,"column":43}},"type":"binary-expr","locations":[{"start":{"line":16,"column":6},"end":{"line":16,"column":15}},{"start":{"line":17,"column":6},"end":{"line":17,"column":22}},{"start":{"line":18,"column":6},"end":{"line":18,"column":40}},{"start":{"line":19,"column":6},"end":{"line":19,"column":24}},{"start":{"line":20,"column":6},"end":{"line":20,"column":43}}],"line":16},"2":{"loc":{"start":{"line":44,"column":0},"end":{"line":48,"column":1}},"type":"if","locations":[{"start":{"line":44,"column":0},"end":{"line":48,"column":1}},{"start":{"line":44,"column":0},"end":{"line":48,"column":1}}],"line":44}},"s":{"0":0,"1":0,"2":0,"3":0,"4":0,"5":0,"6":0,"7":0,"8":0,"9":0,"10":0,"11":0,"12":0,"13":0,"14":0,"15":0,"16":0,"17":0},"f":{"0":0,"1":0},"b":{"0":[0,0],"1":[0,0,0,0,0],"2":[0,0]},"all":true},"C:\\Users\\fatim\\Downloads\\JS-Code-Analyzer-main\\JS-Code-Analyzer-main\\script.js":{"path":"C:\\Users\\fatim\\Downloads\\JS-Code-Analyzer-main\\JS-Code-Analyzer-main\\script.js","statementMap":{"0":{"start":{"line":1,"column":14},"end":{"line":1,"column":30}},"1":{"start":{"line":2,"column":13},"end":{"line":2,"column":28}},"2":{"start":{"line":3,"column":11},"end":{"line":3,"column":24}},"3":{"start":{"line":8,"column":4},"end":{"line":8,"column":70}},"4":{"start":{"line":9,"column":4},"end":{"line":9,"column":53}},"5":{"start":{"line":22,"column":2},"end":{"line":80,"column":3}},"6":{"start":{"line":24,"column":26},"end":{"line":24,"column":56}},"7":{"start":{"line":25,"column":6},"end":{"line":25,"column":51}},"8":{"start":{"line":26,"column":6},"end":{"line":26,"column":35}},"9":{"start":{"line":27,"column":6},"end":{"line":27,"column":40}},"10":{"start":{"line":28,"column":6},"end":{"line":28,"column":12}},"11":{"start":{"line":30,"column":28},"end":{"line":30,"column":58}},"12":{"start":{"line":31,"column":6},"end":{"line":31,"column":40}},"13":{"start":{"line":32,"column":6},"end":{"line":32,"column":37}},"14":{"start":{"line":33,"column":6},"end":{"line":33,"column":59}},"15":{"start":{"line":34,"column":6},"end":{"line":34,"column":12}},"16":{"start":{"line":36,"column":28},"end":{"line":36,"column":58}},"17":{"start":{"line":37,"column":6},"end":{"line":37,"column":36}},"18":{"start":{"line":38,"column":6},"end":{"line":38,"column":41}},"19":{"start":{"line":39,"column":6},"end":{"line":39,"column":59}},"20":{"start":{"line":40,"column":6},"end":{"line":40,"column":12}},"21":{"start":{"line":42,"column":28},"end":{"line":42,"column":58}},"22":{"start":{"line":43,"column":6},"end":{"line":43,"column":36}},"23":{"start":{"line":44,"column":6},"end":{"line":44,"column":41}},"24":{"start":{"line":45,"column":6},"end":{"line":45,"column":37}},"25":{"start":{"line":46,"column":6},"end":{"line":46,"column":42}},"26":{"start":{"line":47,"column":6},"end":{"line":47,"column":12}},"27":{"start":{"line":49,"column":28},"end":{"line":49,"column":58}},"28":{"start":{"line":50,"column":6},"end":{"line":50,"column":40}},"29":{"start":{"line":51,"column":6},"end":{"line":51,"column":37}},"30":{"start":{"line":52,"column":6},"end":{"line":52,"column":59}},"31":{"start":{"line":53,"column":6},"end":{"line":53,"column":12}},"32":{"start":{"line":55,"column":28},"end":{"line":55,"column":58}},"33":{"start":{"line":56,"column":6},"end":{"line":56,"column":53}},"34":{"start":{"line":57,"column":6},"end":{"line":57,"column":41}},"35":{"start":{"line":58,"column":6},"end":{"line":58,"column":38}},"36":{"start":{"line":59,"column":6},"end":{"line":59,"column":12}},"37":{"start":{"line":61,"column":32},"end":{"line":61,"column":62}},"38":{"start":{"line":62,"column":6},"end":{"line":62,"column":57}},"39":{"start":{"line":63,"column":6},"end":{"line":63,"column":41}},"40":{"start":{"line":64,"column":6},"end":{"line":64,"column":46}},"41":{"start":{"line":65,"column":6},"end":{"line":65,"column":12}},"42":{"start":{"line":67,"column":35},"end":{"line":67,"column":65}},"43":{"start":{"line":68,"column":6},"end":{"line":68,"column":47}},"44":{"start":{"line":69,"column":6},"end":{"line":69,"column":44}},"45":{"start":{"line":70,"column":6},"end":{"line":70,"column":66}},"46":{"start":{"line":71,"column":6},"end":{"line":71,"column":12}},"47":{"start":{"line":75,"column":6},"end":{"line":75,"column":27}},"48":{"start":{"line":76,"column":6},"end":{"line":76,"column":37}},"49":{"start":{"line":77,"column":6},"end":{"line":77,"column":28}},"50":{"start":{"line":78,"column":6},"end":{"line":78,"column":39}},"51":{"start":{"line":79,"column":6},"end":{"line":79,"column":12}},"52":{"start":{"line":82,"column":2},"end":{"line":87,"column":4}},"53":{"start":{"line":92,"column":2},"end":{"line":108,"column":3}},"54":{"start":{"line":98,"column":4},"end":{"line":98,"column":26}},"55":{"start":{"line":99,"column":4},"end":{"line":99,"column":28}},"56":{"start":{"line":102,"column":4},"end":{"line":104,"column":5}},"57":{"start":{"line":103,"column":6},"end":{"line":103,"column":57}},"58":{"start":{"line":105,"column":4},"end":{"line":107,"column":5}},"59":{"start":{"line":106,"column":6},"end":{"line":106,"column":56}},"60":{"start":{"line":109,"column":2},"end":{"line":341,"column":3}},"61":{"start":{"line":115,"column":38},"end":{"line":115,"column":47}},"62":{"start":{"line":117,"column":4},"end":{"line":332,"column":5}},"63":{"start":{"line":123,"column":6},"end":{"line":140,"column":7}},"64":{"start":{"line":129,"column":12},"end":{"line":133,"column":9}},"65":{"start":{"line":136,"column":8},"end":{"line":136,"column":43}},"66":{"start":{"line":137,"column":8},"end":{"line":137,"column":45}},"67":{"start":{"line":138,"column":8},"end":{"line":138,"column":45}},"68":{"start":{"line":139,"column":8},"end":{"line":139,"column":47}},"69":{"start":{"line":141,"column":6},"end":{"line":161,"column":7}},"70":{"start":{"line":150,"column":12},"end":{"line":154,"column":9}},"71":{"start":{"line":157,"column":8},"end":{"line":157,"column":44}},"72":{"start":{"line":158,"column":8},"end":{"line":158,"column":46}},"73":{"start":{"line":159,"column":8},"end":{"line":159,"column":46}},"74":{"start":{"line":160,"column":8},"end":{"line":160,"column":48}},"75":{"start":{"line":162,"column":6},"end":{"line":164,"column":7}},"76":{"start":{"line":163,"column":8},"end":{"line":163,"column":48}},"77":{"start":{"line":165,"column":6},"end":{"line":167,"column":7}},"78":{"start":{"line":166,"column":8},"end":{"line":166,"column":49}},"79":{"start":{"line":170,"column":6},"end":{"line":331,"column":7}},"80":{"start":{"line":176,"column":12},"end":{"line":180,"column":9}},"81":{"start":{"line":183,"column":8},"end":{"line":183,"column":43}},"82":{"start":{"line":184,"column":8},"end":{"line":184,"column":45}},"83":{"start":{"line":185,"column":8},"end":{"line":185,"column":45}},"84":{"start":{"line":186,"column":8},"end":{"line":186,"column":47}},"85":{"start":{"line":187,"column":13},"end":{"line":331,"column":7}},"86":{"start":{"line":192,"column":31},"end":{"line":192,"column":41}},"87":{"start":{"line":194,"column":8},"end":{"line":326,"column":9}},"88":{"start":{"line":197,"column":12},"end":{"line":275,"column":13}},"89":{"start":{"line":198,"column":14},"end":{"line":233,"column":15}},"90":{"start":{"line":200,"column":18},"end":{"line":200,"column":58}},"91":{"start":{"line":201,"column":18},"end":{"line":201,"column":59}},"92":{"start":{"line":202,"column":18},"end":{"line":202,"column":24}},"93":{"start":{"line":204,"column":18},"end":{"line":204,"column":58}},"94":{"start":{"line":205,"column":18},"end":{"line":205,"column":59}},"95":{"start":{"line":206,"column":18},"end":{"line":206,"column":24}},"96":{"start":{"line":208,"column":18},"end":{"line":208,"column":54}},"97":{"start":{"line":209,"column":18},"end":{"line":209,"column":71}},"98":{"start":{"line":210,"column":18},"end":{"line":210,"column":24}},"99":{"start":{"line":212,"column":18},"end":{"line":212,"column":54}},"100":{"start":{"line":213,"column":18},"end":{"line":213,"column":59}},"101":{"start":{"line":214,"column":18},"end":{"line":214,"column":24}},"102":{"start":{"line":217,"column":18},"end":{"line":217,"column":42}},"103":{"start":{"line":218,"column":18},"end":{"line":221,"column":22}},"104":{"start":{"line":222,"column":18},"end":{"line":222,"column":24}},"105":{"start":{"line":225,"column":18},"end":{"line":225,"column":46}},"106":{"start":{"line":226,"column":18},"end":{"line":226,"column":43}},"107":{"start":{"line":227,"column":18},"end":{"line":227,"column":24}},"108":{"start":{"line":230,"column":18},"end":{"line":230,"column":61}},"109":{"start":{"line":231,"column":18},"end":{"line":231,"column":62}},"110":{"start":{"line":232,"column":18},"end":{"line":232,"column":24}},"111":{"start":{"line":234,"column":19},"end":{"line":275,"column":13}},"112":{"start":{"line":235,"column":14},"end":{"line":256,"column":15}},"113":{"start":{"line":238,"column":18},"end":{"line":238,"column":42}},"114":{"start":{"line":239,"column":28},"end":{"line":239,"column":52}},"115":{"start":{"line":240,"column":18},"end":{"line":242,"column":46}},"116":{"start":{"line":241,"column":20},"end":{"line":241,"column":58}},"117":{"start":{"line":243,"column":18},"end":{"line":243,"column":24}},"118":{"start":{"line":246,"column":18},"end":{"line":246,"column":58}},"119":{"start":{"line":247,"column":29},"end":{"line":247,"column":53}},"120":{"start":{"line":248,"column":18},"end":{"line":248,"column":43}},"121":{"start":{"line":250,"column":18},"end":{"line":250,"column":24}},"122":{"start":{"line":253,"column":18},"end":{"line":253,"column":44}},"123":{"start":{"line":254,"column":18},"end":{"line":254,"column":46}},"124":{"start":{"line":255,"column":18},"end":{"line":255,"column":24}},"125":{"start":{"line":257,"column":19},"end":{"line":275,"column":13}},"126":{"start":{"line":258,"column":14},"end":{"line":274,"column":15}},"127":{"start":{"line":261,"column":18},"end":{"line":261,"column":42}},"128":{"start":{"line":262,"column":18},"end":{"line":262,"column":44}},"129":{"start":{"line":263,"column":18},"end":{"line":263,"column":24}},"130":{"start":{"line":266,"column":18},"end":{"line":266,"column":50}},"131":{"start":{"line":267,"column":18},"end":{"line":267,"column":42}},"132":{"start":{"line":268,"column":18},"end":{"line":268,"column":24}},"133":{"start":{"line":271,"column":18},"end":{"line":271,"column":44}},"134":{"start":{"line":272,"column":18},"end":{"line":272,"column":46}},"135":{"start":{"line":273,"column":18},"end":{"line":273,"column":24}},"136":{"start":{"line":276,"column":12},"end":{"line":276,"column":18}},"137":{"start":{"line":280,"column":33},"end":{"line":280,"column":43}},"138":{"start":{"line":283,"column":12},"end":{"line":318,"column":13}},"139":{"start":{"line":284,"column":36},"end":{"line":284,"column":64}},"140":{"start":{"line":287,"column":14},"end":{"line":299,"column":15}},"141":{"start":{"line":288,"column":16},"end":{"line":288,"column":46}},"142":{"start":{"line":289,"column":16},"end":{"line":289,"column":47}},"143":{"start":{"line":290,"column":21},"end":{"line":299,"column":15}},"144":{"start":{"line":291,"column":16},"end":{"line":291,"column":42}},"145":{"start":{"line":292,"column":26},"end":{"line":292,"column":50}},"146":{"start":{"line":293,"column":16},"end":{"line":295,"column":44}},"147":{"start":{"line":294,"column":18},"end":{"line":294,"column":56}},"148":{"start":{"line":296,"column":21},"end":{"line":299,"column":15}},"149":{"start":{"line":297,"column":16},"end":{"line":297,"column":42}},"150":{"start":{"line":298,"column":16},"end":{"line":298,"column":44}},"151":{"start":{"line":306,"column":18},"end":{"line":310,"column":15}},"152":{"start":{"line":313,"column":14},"end":{"line":313,"column":49}},"153":{"start":{"line":314,"column":14},"end":{"line":314,"column":51}},"154":{"start":{"line":315,"column":14},"end":{"line":315,"column":51}},"155":{"start":{"line":316,"column":14},"end":{"line":316,"column":53}},"156":{"start":{"line":317,"column":14},"end":{"line":317,"column":20}},"157":{"start":{"line":319,"column":12},"end":{"line":319,"column":18}},"158":{"start":{"line":323,"column":12},"end":{"line":323,"column":38}},"159":{"start":{"line":324,"column":12},"end":{"line":324,"column":40}},"160":{"start":{"line":325,"column":12},"end":{"line":325,"column":18}},"161":{"start":{"line":329,"column":8},"end":{"line":329,"column":35}},"162":{"start":{"line":330,"column":8},"end":{"line":330,"column":37}},"163":{"start":{"line":335,"column":4},"end":{"line":337,"column":5}},"164":{"start":{"line":336,"column":6},"end":{"line":336,"column":57}},"165":{"start":{"line":338,"column":4},"end":{"line":340,"column":5}},"166":{"start":{"line":339,"column":6},"end":{"line":339,"column":56}},"167":{"start":{"line":342,"column":2},"end":{"line":728,"column":3}},"168":{"start":{"line":343,"column":38},"end":{"line":343,"column":42}},"169":{"start":{"line":345,"column":4},"end":{"line":500,"column":5}},"170":{"start":{"line":347,"column":8},"end":{"line":351,"column":9}},"171":{"start":{"line":354,"column":6},"end":{"line":354,"column":41}},"172":{"start":{"line":355,"column":6},"end":{"line":355,"column":43}},"173":{"start":{"line":356,"column":6},"end":{"line":356,"column":43}},"174":{"start":{"line":357,"column":6},"end":{"line":357,"column":45}},"175":{"start":{"line":358,"column":11},"end":{"line":500,"column":5}},"176":{"start":{"line":363,"column":29},"end":{"line":363,"column":39}},"177":{"start":{"line":365,"column":6},"end":{"line":495,"column":7}},"178":{"start":{"line":368,"column":10},"end":{"line":444,"column":11}},"179":{"start":{"line":369,"column":12},"end":{"line":404,"column":13}},"180":{"start":{"line":371,"column":16},"end":{"line":371,"column":56}},"181":{"start":{"line":372,"column":16},"end":{"line":372,"column":57}},"182":{"start":{"line":373,"column":16},"end":{"line":373,"column":22}},"183":{"start":{"line":375,"column":16},"end":{"line":375,"column":56}},"184":{"start":{"line":376,"column":16},"end":{"line":376,"column":57}},"185":{"start":{"line":377,"column":16},"end":{"line":377,"column":22}},"186":{"start":{"line":379,"column":16},"end":{"line":379,"column":52}},"187":{"start":{"line":380,"column":16},"end":{"line":380,"column":69}},"188":{"start":{"line":381,"column":16},"end":{"line":381,"column":22}},"189":{"start":{"line":383,"column":16},"end":{"line":383,"column":52}},"190":{"start":{"line":384,"column":16},"end":{"line":384,"column":57}},"191":{"start":{"line":385,"column":16},"end":{"line":385,"column":22}},"192":{"start":{"line":388,"column":16},"end":{"line":388,"column":40}},"193":{"start":{"line":389,"column":16},"end":{"line":392,"column":20}},"194":{"start":{"line":393,"column":16},"end":{"line":393,"column":22}},"195":{"start":{"line":396,"column":16},"end":{"line":396,"column":44}},"196":{"start":{"line":397,"column":16},"end":{"line":397,"column":41}},"197":{"start":{"line":398,"column":16},"end":{"line":398,"column":22}},"198":{"start":{"line":401,"column":16},"end":{"line":401,"column":59}},"199":{"start":{"line":402,"column":16},"end":{"line":402,"column":60}},"200":{"start":{"line":403,"column":16},"end":{"line":403,"column":22}},"201":{"start":{"line":405,"column":17},"end":{"line":444,"column":11}},"202":{"start":{"line":406,"column":12},"end":{"line":425,"column":13}},"203":{"start":{"line":409,"column":16},"end":{"line":409,"column":40}},"204":{"start":{"line":410,"column":26},"end":{"line":410,"column":50}},"205":{"start":{"line":411,"column":16},"end":{"line":413,"column":44}},"206":{"start":{"line":412,"column":18},"end":{"line":412,"column":56}},"207":{"start":{"line":414,"column":16},"end":{"line":414,"column":22}},"208":{"start":{"line":417,"column":16},"end":{"line":417,"column":48}},"209":{"start":{"line":418,"column":16},"end":{"line":418,"column":40}},"210":{"start":{"line":419,"column":16},"end":{"line":419,"column":22}},"211":{"start":{"line":422,"column":16},"end":{"line":422,"column":42}},"212":{"start":{"line":423,"column":16},"end":{"line":423,"column":44}},"213":{"start":{"line":424,"column":16},"end":{"line":424,"column":22}},"214":{"start":{"line":426,"column":17},"end":{"line":444,"column":11}},"215":{"start":{"line":427,"column":12},"end":{"line":443,"column":13}},"216":{"start":{"line":430,"column":16},"end":{"line":430,"column":40}},"217":{"start":{"line":431,"column":16},"end":{"line":431,"column":42}},"218":{"start":{"line":432,"column":16},"end":{"line":432,"column":22}},"219":{"start":{"line":435,"column":16},"end":{"line":435,"column":48}},"220":{"start":{"line":436,"column":16},"end":{"line":436,"column":40}},"221":{"start":{"line":437,"column":16},"end":{"line":437,"column":22}},"222":{"start":{"line":440,"column":16},"end":{"line":440,"column":42}},"223":{"start":{"line":441,"column":16},"end":{"line":441,"column":44}},"224":{"start":{"line":442,"column":16},"end":{"line":442,"column":22}},"225":{"start":{"line":445,"column":10},"end":{"line":445,"column":16}},"226":{"start":{"line":449,"column":31},"end":{"line":449,"column":41}},"227":{"start":{"line":452,"column":10},"end":{"line":487,"column":11}},"228":{"start":{"line":453,"column":34},"end":{"line":453,"column":62}},"229":{"start":{"line":456,"column":12},"end":{"line":468,"column":13}},"230":{"start":{"line":457,"column":14},"end":{"line":457,"column":44}},"231":{"start":{"line":458,"column":14},"end":{"line":458,"column":45}},"232":{"start":{"line":459,"column":19},"end":{"line":468,"column":13}},"233":{"start":{"line":460,"column":14},"end":{"line":460,"column":40}},"234":{"start":{"line":461,"column":24},"end":{"line":461,"column":48}},"235":{"start":{"line":462,"column":14},"end":{"line":464,"column":42}},"236":{"start":{"line":463,"column":16},"end":{"line":463,"column":54}},"237":{"start":{"line":465,"column":19},"end":{"line":468,"column":13}},"238":{"start":{"line":466,"column":14},"end":{"line":466,"column":40}},"239":{"start":{"line":467,"column":14},"end":{"line":467,"column":42}},"240":{"start":{"line":475,"column":16},"end":{"line":479,"column":13}},"241":{"start":{"line":482,"column":12},"end":{"line":482,"column":47}},"242":{"start":{"line":483,"column":12},"end":{"line":483,"column":49}},"243":{"start":{"line":484,"column":12},"end":{"line":484,"column":49}},"244":{"start":{"line":485,"column":12},"end":{"line":485,"column":51}},"245":{"start":{"line":486,"column":12},"end":{"line":486,"column":18}},"246":{"start":{"line":488,"column":10},"end":{"line":488,"column":16}},"247":{"start":{"line":492,"column":10},"end":{"line":492,"column":36}},"248":{"start":{"line":493,"column":10},"end":{"line":493,"column":38}},"249":{"start":{"line":494,"column":10},"end":{"line":494,"column":16}},"250":{"start":{"line":498,"column":6},"end":{"line":498,"column":33}},"251":{"start":{"line":499,"column":6},"end":{"line":499,"column":35}},"252":{"start":{"line":503,"column":4},"end":{"line":505,"column":5}},"253":{"start":{"line":504,"column":6},"end":{"line":504,"column":57}},"254":{"start":{"line":506,"column":4},"end":{"line":508,"column":5}},"255":{"start":{"line":507,"column":6},"end":{"line":507,"column":56}},"256":{"start":{"line":509,"column":9},"end":{"line":728,"column":3}},"257":{"start":{"line":514,"column":38},"end":{"line":514,"column":47}},"258":{"start":{"line":517,"column":4},"end":{"line":688,"column":5}},"259":{"start":{"line":518,"column":6},"end":{"line":518,"column":26}},"260":{"start":{"line":519,"column":6},"end":{"line":519,"column":26}},"261":{"start":{"line":521,"column":6},"end":{"line":679,"column":7}},"262":{"start":{"line":527,"column":12},"end":{"line":531,"column":9}},"263":{"start":{"line":534,"column":8},"end":{"line":534,"column":43}},"264":{"start":{"line":535,"column":8},"end":{"line":535,"column":45}},"265":{"start":{"line":536,"column":8},"end":{"line":536,"column":45}},"266":{"start":{"line":537,"column":8},"end":{"line":537,"column":47}},"267":{"start":{"line":538,"column":13},"end":{"line":679,"column":7}},"268":{"start":{"line":540,"column":31},"end":{"line":540,"column":41}},"269":{"start":{"line":542,"column":8},"end":{"line":674,"column":9}},"270":{"start":{"line":545,"column":12},"end":{"line":608,"column":13}},"271":{"start":{"line":546,"column":14},"end":{"line":568,"column":15}},"272":{"start":{"line":548,"column":18},"end":{"line":548,"column":46}},"273":{"start":{"line":549,"column":18},"end":{"line":549,"column":47}},"274":{"start":{"line":550,"column":18},"end":{"line":550,"column":24}},"275":{"start":{"line":552,"column":18},"end":{"line":552,"column":46}},"276":{"start":{"line":553,"column":18},"end":{"line":553,"column":47}},"277":{"start":{"line":554,"column":18},"end":{"line":554,"column":24}},"278":{"start":{"line":556,"column":18},"end":{"line":556,"column":42}},"279":{"start":{"line":557,"column":18},"end":{"line":557,"column":47}},"280":{"start":{"line":558,"column":18},"end":{"line":558,"column":24}},"281":{"start":{"line":560,"column":18},"end":{"line":560,"column":42}},"282":{"start":{"line":561,"column":18},"end":{"line":561,"column":47}},"283":{"start":{"line":562,"column":18},"end":{"line":562,"column":24}},"284":{"start":{"line":565,"column":18},"end":{"line":565,"column":46}},"285":{"start":{"line":566,"column":18},"end":{"line":566,"column":47}},"286":{"start":{"line":567,"column":18},"end":{"line":567,"column":24}},"287":{"start":{"line":569,"column":19},"end":{"line":608,"column":13}},"288":{"start":{"line":570,"column":14},"end":{"line":589,"column":15}},"289":{"start":{"line":573,"column":18},"end":{"line":573,"column":42}},"290":{"start":{"line":574,"column":28},"end":{"line":574,"column":52}},"291":{"start":{"line":575,"column":18},"end":{"line":577,"column":46}},"292":{"start":{"line":576,"column":20},"end":{"line":576,"column":58}},"293":{"start":{"line":578,"column":18},"end":{"line":578,"column":24}},"294":{"start":{"line":581,"column":18},"end":{"line":581,"column":50}},"295":{"start":{"line":582,"column":18},"end":{"line":582,"column":42}},"296":{"start":{"line":583,"column":18},"end":{"line":583,"column":24}},"297":{"start":{"line":586,"column":18},"end":{"line":586,"column":44}},"298":{"start":{"line":587,"column":18},"end":{"line":587,"column":46}},"299":{"start":{"line":588,"column":18},"end":{"line":588,"column":24}},"300":{"start":{"line":590,"column":19},"end":{"line":608,"column":13}},"301":{"start":{"line":591,"column":14},"end":{"line":607,"column":15}},"302":{"start":{"line":594,"column":18},"end":{"line":594,"column":42}},"303":{"start":{"line":595,"column":18},"end":{"line":595,"column":44}},"304":{"start":{"line":596,"column":18},"end":{"line":596,"column":24}},"305":{"start":{"line":599,"column":18},"end":{"line":599,"column":50}},"306":{"start":{"line":600,"column":18},"end":{"line":600,"column":42}},"307":{"start":{"line":601,"column":18},"end":{"line":601,"column":24}},"308":{"start":{"line":604,"column":18},"end":{"line":604,"column":44}},"309":{"start":{"line":605,"column":18},"end":{"line":605,"column":46}},"310":{"start":{"line":606,"column":18},"end":{"line":606,"column":24}},"311":{"start":{"line":609,"column":12},"end":{"line":609,"column":18}},"312":{"start":{"line":613,"column":33},"end":{"line":613,"column":43}},"313":{"start":{"line":616,"column":12},"end":{"line":652,"column":13}},"314":{"start":{"line":617,"column":36},"end":{"line":617,"column":64}},"315":{"start":{"line":620,"column":14},"end":{"line":632,"column":15}},"316":{"start":{"line":621,"column":16},"end":{"line":621,"column":46}},"317":{"start":{"line":622,"column":16},"end":{"line":622,"column":47}},"318":{"start":{"line":623,"column":21},"end":{"line":632,"column":15}},"319":{"start":{"line":624,"column":16},"end":{"line":624,"column":42}},"320":{"start":{"line":625,"column":26},"end":{"line":625,"column":50}},"321":{"start":{"line":626,"column":16},"end":{"line":628,"column":44}},"322":{"start":{"line":627,"column":18},"end":{"line":627,"column":56}},"323":{"start":{"line":629,"column":21},"end":{"line":632,"column":15}},"324":{"start":{"line":630,"column":16},"end":{"line":630,"column":42}},"325":{"start":{"line":631,"column":16},"end":{"line":631,"column":44}},"326":{"start":{"line":640,"column":18},"end":{"line":644,"column":15}},"327":{"start":{"line":647,"column":14},"end":{"line":647,"column":49}},"328":{"start":{"line":648,"column":14},"end":{"line":648,"column":51}},"329":{"start":{"line":649,"column":14},"end":{"line":649,"column":51}},"330":{"start":{"line":650,"column":14},"end":{"line":650,"column":53}},"331":{"start":{"line":651,"column":14},"end":{"line":651,"column":20}},"332":{"start":{"line":653,"column":12},"end":{"line":653,"column":18}},"333":{"start":{"line":662,"column":16},"end":{"line":666,"column":13}},"334":{"start":{"line":669,"column":12},"end":{"line":669,"column":47}},"335":{"start":{"line":670,"column":12},"end":{"line":670,"column":49}},"336":{"start":{"line":671,"column":12},"end":{"line":671,"column":49}},"337":{"start":{"line":672,"column":12},"end":{"line":672,"column":51}},"338":{"start":{"line":673,"column":12},"end":{"line":673,"column":18}},"339":{"start":{"line":677,"column":8},"end":{"line":677,"column":35}},"340":{"start":{"line":678,"column":8},"end":{"line":678,"column":37}},"341":{"start":{"line":682,"column":6},"end":{"line":682,"column":51}},"342":{"start":{"line":685,"column":6},"end":{"line":687,"column":7}},"343":{"start":{"line":686,"column":8},"end":{"line":686,"column":55}},"344":{"start":{"line":689,"column":9},"end":{"line":728,"column":3}},"345":{"start":{"line":692,"column":22},"end":{"line":692,"column":26}},"346":{"start":{"line":696,"column":4},"end":{"line":696,"column":31}},"347":{"start":{"line":697,"column":4},"end":{"line":697,"column":33}},"348":{"start":{"line":700,"column":4},"end":{"line":700,"column":49}},"349":{"start":{"line":701,"column":9},"end":{"line":728,"column":3}},"350":{"start":{"line":704,"column":29},"end":{"line":704,"column":33}},"351":{"start":{"line":708,"column":4},"end":{"line":708,"column":31}},"352":{"start":{"line":709,"column":4},"end":{"line":709,"column":33}},"353":{"start":{"line":712,"column":4},"end":{"line":712,"column":49}},"354":{"start":{"line":715,"column":4},"end":{"line":717,"column":5}},"355":{"start":{"line":716,"column":6},"end":{"line":716,"column":48}},"356":{"start":{"line":718,"column":9},"end":{"line":728,"column":3}},"357":{"start":{"line":726,"column":28},"end":{"line":726,"column":56}},"358":{"start":{"line":727,"column":4},"end":{"line":727,"column":60}},"359":{"start":{"line":731,"column":2},"end":{"line":735,"column":3}},"360":{"start":{"line":732,"column":4},"end":{"line":734,"column":5}},"361":{"start":{"line":733,"column":6},"end":{"line":733,"column":51}},"362":{"start":{"line":738,"column":19},"end":{"line":738,"column":54}},"363":{"start":{"line":740,"column":12},"end":{"line":740,"column":58}},"364":{"start":{"line":742,"column":0},"end":{"line":742,"column":23}},"365":{"start":{"line":744,"column":14},"end":{"line":744,"column":25}},"366":{"start":{"line":745,"column":0},"end":{"line":745,"column":41}}},"fnMap":{"0":{"name":"(anonymous_0)","decl":{"start":{"line":6,"column":2},"end":{"line":6,"column":3}},"loc":{"start":{"line":6,"column":37},"end":{"line":10,"column":3}},"line":6},"1":{"name":"generateTrueFalseValuesForVariables","decl":{"start":{"line":15,"column":9},"end":{"line":15,"column":44}},"loc":{"start":{"line":19,"column":2},"end":{"line":88,"column":1}},"line":19},"2":{"name":"traverseAndModify","decl":{"start":{"line":91,"column":9},"end":{"line":91,"column":26}},"loc":{"start":{"line":91,"column":54},"end":{"line":736,"column":1}},"line":91}},"branchMap":{"0":{"loc":{"start":{"line":22,"column":2},"end":{"line":80,"column":3}},"type":"switch","locations":[{"start":{"line":23,"column":4},"end":{"line":28,"column":12}},{"start":{"line":29,"column":4},"end":{"line":34,"column":12}},{"start":{"line":35,"column":4},"end":{"line":40,"column":12}},{"start":{"line":41,"column":4},"end":{"line":47,"column":12}},{"start":{"line":48,"column":4},"end":{"line":53,"column":12}},{"start":{"line":54,"column":4},"end":{"line":59,"column":12}},{"start":{"line":60,"column":4},"end":{"line":65,"column":12}},{"start":{"line":66,"column":4},"end":{"line":71,"column":12}},{"start":{"line":73,"column":4},"end":{"line":79,"column":12}}],"line":22},"1":{"loc":{"start":{"line":91,"column":33},"end":{"line":91,"column":52}},"type":"default-arg","locations":[{"start":{"line":91,"column":50},"end":{"line":91,"column":52}}],"line":91},"2":{"loc":{"start":{"line":92,"column":2},"end":{"line":108,"column":3}},"type":"if","locations":[{"start":{"line":92,"column":2},"end":{"line":108,"column":3}},{"start":{"line":92,"column":2},"end":{"line":108,"column":3}}],"line":92},"3":{"loc":{"start":{"line":93,"column":4},"end":{"line":95,"column":35}},"type":"binary-expr","locations":[{"start":{"line":93,"column":4},"end":{"line":93,"column":31}},{"start":{"line":94,"column":4},"end":{"line":94,"column":13}},{"start":{"line":95,"column":4},"end":{"line":95,"column":35}}],"line":93},"4":{"loc":{"start":{"line":102,"column":4},"end":{"line":104,"column":5}},"type":"if","locations":[{"start":{"line":102,"column":4},"end":{"line":104,"column":5}},{"start":{"line":102,"column":4},"end":{"line":104,"column":5}}],"line":102},"5":{"loc":{"start":{"line":105,"column":4},"end":{"line":107,"column":5}},"type":"if","locations":[{"start":{"line":105,"column":4},"end":{"line":107,"column":5}},{"start":{"line":105,"column":4},"end":{"line":107,"column":5}}],"line":105},"6":{"loc":{"start":{"line":109,"column":2},"end":{"line":341,"column":3}},"type":"if","locations":[{"start":{"line":109,"column":2},"end":{"line":341,"column":3}},{"start":{"line":109,"column":2},"end":{"line":341,"column":3}}],"line":109},"7":{"loc":{"start":{"line":110,"column":4},"end":{"line":113,"column":45}},"type":"binary-expr","locations":[{"start":{"line":110,"column":5},"end":{"line":110,"column":32}},{"start":{"line":110,"column":36},"end":{"line":110,"column":68}},{"start":{"line":111,"column":4},"end":{"line":111,"column":13}},{"start":{"line":112,"column":5},"end":{"line":112,"column":42}},{"start":{"line":113,"column":6},"end":{"line":113,"column":44}}],"line":110},"8":{"loc":{"start":{"line":117,"column":4},"end":{"line":332,"column":5}},"type":"if","locations":[{"start":{"line":117,"column":4},"end":{"line":332,"column":5}},{"start":{"line":117,"column":4},"end":{"line":332,"column":5}}],"line":117},"9":{"loc":{"start":{"line":117,"column":8},"end":{"line":117,"column":77}},"type":"binary-expr","locations":[{"start":{"line":117,"column":8},"end":{"line":117,"column":40}},{"start":{"line":117,"column":44},"end":{"line":117,"column":77}}],"line":117},"10":{"loc":{"start":{"line":123,"column":6},"end":{"line":140,"column":7}},"type":"if","locations":[{"start":{"line":123,"column":6},"end":{"line":140,"column":7}},{"start":{"line":123,"column":6},"end":{"line":140,"column":7}}],"line":123},"11":{"loc":{"start":{"line":123,"column":10},"end":{"line":123,"column":77}},"type":"binary-expr","locations":[{"start":{"line":123,"column":10},"end":{"line":123,"column":41}},{"start":{"line":123,"column":45},"end":{"line":123,"column":77}}],"line":123},"12":{"loc":{"start":{"line":141,"column":6},"end":{"line":161,"column":7}},"type":"if","locations":[{"start":{"line":141,"column":6},"end":{"line":161,"column":7}},{"start":{"line":141,"column":6},"end":{"line":161,"column":7}}],"line":141},"13":{"loc":{"start":{"line":142,"column":8},"end":{"line":143,"column":41}},"type":"binary-expr","locations":[{"start":{"line":142,"column":8},"end":{"line":142,"column":40}},{"start":{"line":143,"column":8},"end":{"line":143,"column":41}}],"line":142},"14":{"loc":{"start":{"line":162,"column":6},"end":{"line":164,"column":7}},"type":"if","locations":[{"start":{"line":162,"column":6},"end":{"line":164,"column":7}},{"start":{"line":162,"column":6},"end":{"line":164,"column":7}}],"line":162},"15":{"loc":{"start":{"line":162,"column":10},"end":{"line":162,"column":74}},"type":"binary-expr","locations":[{"start":{"line":162,"column":10},"end":{"line":162,"column":41}},{"start":{"line":162,"column":45},"end":{"line":162,"column":74}}],"line":162},"16":{"loc":{"start":{"line":165,"column":6},"end":{"line":167,"column":7}},"type":"if","locations":[{"start":{"line":165,"column":6},"end":{"line":167,"column":7}},{"start":{"line":165,"column":6},"end":{"line":167,"column":7}}],"line":165},"17":{"loc":{"start":{"line":165,"column":10},"end":{"line":165,"column":76}},"type":"binary-expr","locations":[{"start":{"line":165,"column":10},"end":{"line":165,"column":42}},{"start":{"line":165,"column":46},"end":{"line":165,"column":76}}],"line":165},"18":{"loc":{"start":{"line":170,"column":6},"end":{"line":331,"column":7}},"type":"if","locations":[{"start":{"line":170,"column":6},"end":{"line":331,"column":7}},{"start":{"line":170,"column":6},"end":{"line":331,"column":7}}],"line":170},"19":{"loc":{"start":{"line":170,"column":10},"end":{"line":170,"column":67}},"type":"binary-expr","locations":[{"start":{"line":170,"column":10},"end":{"line":170,"column":36}},{"start":{"line":170,"column":40},"end":{"line":170,"column":67}}],"line":170},"20":{"loc":{"start":{"line":187,"column":13},"end":{"line":331,"column":7}},"type":"if","locations":[{"start":{"line":187,"column":13},"end":{"line":331,"column":7}},{"start":{"line":187,"column":13},"end":{"line":331,"column":7}}],"line":187},"21":{"loc":{"start":{"line":187,"column":17},"end":{"line":187,"column":71}},"type":"binary-expr","locations":[{"start":{"line":187,"column":17},"end":{"line":187,"column":43}},{"start":{"line":187,"column":47},"end":{"line":187,"column":71}}],"line":187},"22":{"loc":{"start":{"line":194,"column":8},"end":{"line":326,"column":9}},"type":"switch","locations":[{"start":{"line":195,"column":10},"end":{"line":276,"column":18}},{"start":{"line":278,"column":10},"end":{"line":319,"column":18}},{"start":{"line":321,"column":10},"end":{"line":325,"column":18}}],"line":194},"23":{"loc":{"start":{"line":197,"column":12},"end":{"line":275,"column":13}},"type":"if","locations":[{"start":{"line":197,"column":12},"end":{"line":275,"column":13}},{"start":{"line":197,"column":12},"end":{"line":275,"column":13}}],"line":197},"24":{"loc":{"start":{"line":198,"column":14},"end":{"line":233,"column":15}},"type":"switch","locations":[{"start":{"line":199,"column":16},"end":{"line":202,"column":24}},{"start":{"line":203,"column":16},"end":{"line":206,"column":24}},{"start":{"line":207,"column":16},"end":{"line":210,"column":24}},{"start":{"line":211,"column":16},"end":{"line":214,"column":24}},{"start":{"line":215,"column":16},"end":{"line":215,"column":27}},{"start":{"line":216,"column":16},"end":{"line":222,"column":24}},{"start":{"line":223,"column":16},"end":{"line":223,"column":27}},{"start":{"line":224,"column":16},"end":{"line":227,"column":24}},{"start":{"line":228,"column":16},"end":{"line":232,"column":24}}],"line":198},"25":{"loc":{"start":{"line":234,"column":19},"end":{"line":275,"column":13}},"type":"if","locations":[{"start":{"line":234,"column":19},"end":{"line":275,"column":13}},{"start":{"line":234,"column":19},"end":{"line":275,"column":13}}],"line":234},"26":{"loc":{"start":{"line":235,"column":14},"end":{"line":256,"column":15}},"type":"switch","locations":[{"start":{"line":236,"column":16},"end":{"line":236,"column":27}},{"start":{"line":237,"column":16},"end":{"line":243,"column":24}},{"start":{"line":244,"column":16},"end":{"line":244,"column":27}},{"start":{"line":245,"column":16},"end":{"line":250,"column":24}},{"start":{"line":251,"column":16},"end":{"line":255,"column":24}}],"line":235},"27":{"loc":{"start":{"line":257,"column":19},"end":{"line":275,"column":13}},"type":"if","locations":[{"start":{"line":257,"column":19},"end":{"line":275,"column":13}},{"start":{"line":257,"column":19},"end":{"line":275,"column":13}}],"line":257},"28":{"loc":{"start":{"line":258,"column":14},"end":{"line":274,"column":15}},"type":"switch","locations":[{"start":{"line":259,"column":16},"end":{"line":259,"column":27}},{"start":{"line":260,"column":16},"end":{"line":263,"column":24}},{"start":{"line":264,"column":16},"end":{"line":264,"column":27}},{"start":{"line":265,"column":16},"end":{"line":268,"column":24}},{"start":{"line":269,"column":16},"end":{"line":273,"column":24}}],"line":258},"29":{"loc":{"start":{"line":283,"column":12},"end":{"line":318,"column":13}},"type":"if","locations":[{"start":{"line":283,"column":12},"end":{"line":318,"column":13}},{"start":{"line":283,"column":12},"end":{"line":318,"column":13}}],"line":283},"30":{"loc":{"start":{"line":287,"column":14},"end":{"line":299,"column":15}},"type":"if","locations":[{"start":{"line":287,"column":14},"end":{"line":299,"column":15}},{"start":{"line":287,"column":14},"end":{"line":299,"column":15}}],"line":287},"31":{"loc":{"start":{"line":290,"column":21},"end":{"line":299,"column":15}},"type":"if","locations":[{"start":{"line":290,"column":21},"end":{"line":299,"column":15}},{"start":{"line":290,"column":21},"end":{"line":299,"column":15}}],"line":290},"32":{"loc":{"start":{"line":296,"column":21},"end":{"line":299,"column":15}},"type":"if","locations":[{"start":{"line":296,"column":21},"end":{"line":299,"column":15}},{"start":{"line":296,"column":21},"end":{"line":299,"column":15}}],"line":296},"33":{"loc":{"start":{"line":335,"column":4},"end":{"line":337,"column":5}},"type":"if","locations":[{"start":{"line":335,"column":4},"end":{"line":337,"column":5}},{"start":{"line":335,"column":4},"end":{"line":337,"column":5}}],"line":335},"34":{"loc":{"start":{"line":338,"column":4},"end":{"line":340,"column":5}},"type":"if","locations":[{"start":{"line":338,"column":4},"end":{"line":340,"column":5}},{"start":{"line":338,"column":4},"end":{"line":340,"column":5}}],"line":338},"35":{"loc":{"start":{"line":342,"column":2},"end":{"line":728,"column":3}},"type":"if","locations":[{"start":{"line":342,"column":2},"end":{"line":728,"column":3}},{"start":{"line":342,"column":2},"end":{"line":728,"column":3}}],"line":342},"36":{"loc":{"start":{"line":342,"column":6},"end":{"line":342,"column":64}},"type":"binary-expr","locations":[{"start":{"line":342,"column":6},"end":{"line":342,"column":38}},{"start":{"line":342,"column":42},"end":{"line":342,"column":64}}],"line":342},"37":{"loc":{"start":{"line":345,"column":4},"end":{"line":500,"column":5}},"type":"if","locations":[{"start":{"line":345,"column":4},"end":{"line":500,"column":5}},{"start":{"line":345,"column":4},"end":{"line":500,"column":5}}],"line":345},"38":{"loc":{"start":{"line":345,"column":8},"end":{"line":345,"column":65}},"type":"binary-expr","locations":[{"start":{"line":345,"column":8},"end":{"line":345,"column":34}},{"start":{"line":345,"column":38},"end":{"line":345,"column":65}}],"line":345},"39":{"loc":{"start":{"line":358,"column":11},"end":{"line":500,"column":5}},"type":"if","locations":[{"start":{"line":358,"column":11},"end":{"line":500,"column":5}},{"start":{"line":358,"column":11},"end":{"line":500,"column":5}}],"line":358},"40":{"loc":{"start":{"line":358,"column":15},"end":{"line":358,"column":69}},"type":"binary-expr","locations":[{"start":{"line":358,"column":15},"end":{"line":358,"column":41}},{"start":{"line":358,"column":45},"end":{"line":358,"column":69}}],"line":358},"41":{"loc":{"start":{"line":365,"column":6},"end":{"line":495,"column":7}},"type":"switch","locations":[{"start":{"line":366,"column":8},"end":{"line":445,"column":16}},{"start":{"line":447,"column":8},"end":{"line":488,"column":16}},{"start":{"line":490,"column":8},"end":{"line":494,"column":16}}],"line":365},"42":{"loc":{"start":{"line":368,"column":10},"end":{"line":444,"column":11}},"type":"if","locations":[{"start":{"line":368,"column":10},"end":{"line":444,"column":11}},{"start":{"line":368,"column":10},"end":{"line":444,"column":11}}],"line":368},"43":{"loc":{"start":{"line":369,"column":12},"end":{"line":404,"column":13}},"type":"switch","locations":[{"start":{"line":370,"column":14},"end":{"line":373,"column":22}},{"start":{"line":374,"column":14},"end":{"line":377,"column":22}},{"start":{"line":378,"column":14},"end":{"line":381,"column":22}},{"start":{"line":382,"column":14},"end":{"line":385,"column":22}},{"start":{"line":386,"column":14},"end":{"line":386,"column":25}},{"start":{"line":387,"column":14},"end":{"line":393,"column":22}},{"start":{"line":394,"column":14},"end":{"line":394,"column":25}},{"start":{"line":395,"column":14},"end":{"line":398,"column":22}},{"start":{"line":399,"column":14},"end":{"line":403,"column":22}}],"line":369},"44":{"loc":{"start":{"line":405,"column":17},"end":{"line":444,"column":11}},"type":"if","locations":[{"start":{"line":405,"column":17},"end":{"line":444,"column":11}},{"start":{"line":405,"column":17},"end":{"line":444,"column":11}}],"line":405},"45":{"loc":{"start":{"line":406,"column":12},"end":{"line":425,"column":13}},"type":"switch","locations":[{"start":{"line":407,"column":14},"end":{"line":407,"column":25}},{"start":{"line":408,"column":14},"end":{"line":414,"column":22}},{"start":{"line":415,"column":14},"end":{"line":415,"column":25}},{"start":{"line":416,"column":14},"end":{"line":419,"column":22}},{"start":{"line":420,"column":14},"end":{"line":424,"column":22}}],"line":406},"46":{"loc":{"start":{"line":426,"column":17},"end":{"line":444,"column":11}},"type":"if","locations":[{"start":{"line":426,"column":17},"end":{"line":444,"column":11}},{"start":{"line":426,"column":17},"end":{"line":444,"column":11}}],"line":426},"47":{"loc":{"start":{"line":427,"column":12},"end":{"line":443,"column":13}},"type":"switch","locations":[{"start":{"line":428,"column":14},"end":{"line":428,"column":25}},{"start":{"line":429,"column":14},"end":{"line":432,"column":22}},{"start":{"line":433,"column":14},"end":{"line":433,"column":25}},{"start":{"line":434,"column":14},"end":{"line":437,"column":22}},{"start":{"line":438,"column":14},"end":{"line":442,"column":22}}],"line":427},"48":{"loc":{"start":{"line":452,"column":10},"end":{"line":487,"column":11}},"type":"if","locations":[{"start":{"line":452,"column":10},"end":{"line":487,"column":11}},{"start":{"line":452,"column":10},"end":{"line":487,"column":11}}],"line":452},"49":{"loc":{"start":{"line":456,"column":12},"end":{"line":468,"column":13}},"type":"if","locations":[{"start":{"line":456,"column":12},"end":{"line":468,"column":13}},{"start":{"line":456,"column":12},"end":{"line":468,"column":13}}],"line":456},"50":{"loc":{"start":{"line":459,"column":19},"end":{"line":468,"column":13}},"type":"if","locations":[{"start":{"line":459,"column":19},"end":{"line":468,"column":13}},{"start":{"line":459,"column":19},"end":{"line":468,"column":13}}],"line":459},"51":{"loc":{"start":{"line":465,"column":19},"end":{"line":468,"column":13}},"type":"if","locations":[{"start":{"line":465,"column":19},"end":{"line":468,"column":13}},{"start":{"line":465,"column":19},"end":{"line":468,"column":13}}],"line":465},"52":{"loc":{"start":{"line":503,"column":4},"end":{"line":505,"column":5}},"type":"if","locations":[{"start":{"line":503,"column":4},"end":{"line":505,"column":5}},{"start":{"line":503,"column":4},"end":{"line":505,"column":5}}],"line":503},"53":{"loc":{"start":{"line":506,"column":4},"end":{"line":508,"column":5}},"type":"if","locations":[{"start":{"line":506,"column":4},"end":{"line":508,"column":5}},{"start":{"line":506,"column":4},"end":{"line":508,"column":5}}],"line":506},"54":{"loc":{"start":{"line":509,"column":9},"end":{"line":728,"column":3}},"type":"if","locations":[{"start":{"line":509,"column":9},"end":{"line":728,"column":3}},{"start":{"line":509,"column":9},"end":{"line":728,"column":3}}],"line":509},"55":{"loc":{"start":{"line":510,"column":4},"end":{"line":512,"column":13}},"type":"binary-expr","locations":[{"start":{"line":510,"column":4},"end":{"line":510,"column":26}},{"start":{"line":511,"column":5},"end":{"line":511,"column":35}},{"start":{"line":511,"column":39},"end":{"line":511,"column":67}},{"start":{"line":512,"column":4},"end":{"line":512,"column":13}}],"line":510},"56":{"loc":{"start":{"line":517,"column":4},"end":{"line":688,"column":5}},"type":"if","locations":[{"start":{"line":517,"column":4},"end":{"line":688,"column":5}},{"start":{"line":517,"column":4},"end":{"line":688,"column":5}}],"line":517},"57":{"loc":{"start":{"line":517,"column":8},"end":{"line":517,"column":47}},"type":"binary-expr","locations":[{"start":{"line":517,"column":8},"end":{"line":517,"column":25}},{"start":{"line":517,"column":29},"end":{"line":517,"column":47}}],"line":517},"58":{"loc":{"start":{"line":521,"column":6},"end":{"line":679,"column":7}},"type":"if","locations":[{"start":{"line":521,"column":6},"end":{"line":679,"column":7}},{"start":{"line":521,"column":6},"end":{"line":679,"column":7}}],"line":521},"59":{"loc":{"start":{"line":521,"column":10},"end":{"line":521,"column":67}},"type":"binary-expr","locations":[{"start":{"line":521,"column":10},"end":{"line":521,"column":36}},{"start":{"line":521,"column":40},"end":{"line":521,"column":67}}],"line":521},"60":{"loc":{"start":{"line":538,"column":13},"end":{"line":679,"column":7}},"type":"if","locations":[{"start":{"line":538,"column":13},"end":{"line":679,"column":7}},{"start":{"line":538,"column":13},"end":{"line":679,"column":7}}],"line":538},"61":{"loc":{"start":{"line":538,"column":17},"end":{"line":538,"column":71}},"type":"binary-expr","locations":[{"start":{"line":538,"column":17},"end":{"line":538,"column":43}},{"start":{"line":538,"column":47},"end":{"line":538,"column":71}}],"line":538},"62":{"loc":{"start":{"line":542,"column":8},"end":{"line":674,"column":9}},"type":"switch","locations":[{"start":{"line":543,"column":10},"end":{"line":609,"column":18}},{"start":{"line":611,"column":10},"end":{"line":653,"column":18}},{"start":{"line":655,"column":10},"end":{"line":673,"column":18}}],"line":542},"63":{"loc":{"start":{"line":545,"column":12},"end":{"line":608,"column":13}},"type":"if","locations":[{"start":{"line":545,"column":12},"end":{"line":608,"column":13}},{"start":{"line":545,"column":12},"end":{"line":608,"column":13}}],"line":545},"64":{"loc":{"start":{"line":546,"column":14},"end":{"line":568,"column":15}},"type":"switch","locations":[{"start":{"line":547,"column":16},"end":{"line":550,"column":24}},{"start":{"line":551,"column":16},"end":{"line":554,"column":24}},{"start":{"line":555,"column":16},"end":{"line":558,"column":24}},{"start":{"line":559,"column":16},"end":{"line":562,"column":24}},{"start":{"line":563,"column":16},"end":{"line":567,"column":24}}],"line":546},"65":{"loc":{"start":{"line":569,"column":19},"end":{"line":608,"column":13}},"type":"if","locations":[{"start":{"line":569,"column":19},"end":{"line":608,"column":13}},{"start":{"line":569,"column":19},"end":{"line":608,"column":13}}],"line":569},"66":{"loc":{"start":{"line":570,"column":14},"end":{"line":589,"column":15}},"type":"switch","locations":[{"start":{"line":571,"column":16},"end":{"line":571,"column":27}},{"start":{"line":572,"column":16},"end":{"line":578,"column":24}},{"start":{"line":579,"column":16},"end":{"line":579,"column":27}},{"start":{"line":580,"column":16},"end":{"line":583,"column":24}},{"start":{"line":584,"column":16},"end":{"line":588,"column":24}}],"line":570},"67":{"loc":{"start":{"line":590,"column":19},"end":{"line":608,"column":13}},"type":"if","locations":[{"start":{"line":590,"column":19},"end":{"line":608,"column":13}},{"start":{"line":590,"column":19},"end":{"line":608,"column":13}}],"line":590},"68":{"loc":{"start":{"line":591,"column":14},"end":{"line":607,"column":15}},"type":"switch","locations":[{"start":{"line":592,"column":16},"end":{"line":592,"column":27}},{"start":{"line":593,"column":16},"end":{"line":596,"column":24}},{"start":{"line":597,"column":16},"end":{"line":597,"column":27}},{"start":{"line":598,"column":16},"end":{"line":601,"column":24}},{"start":{"line":602,"column":16},"end":{"line":606,"column":24}}],"line":591},"69":{"loc":{"start":{"line":616,"column":12},"end":{"line":652,"column":13}},"type":"if","locations":[{"start":{"line":616,"column":12},"end":{"line":652,"column":13}},{"start":{"line":616,"column":12},"end":{"line":652,"column":13}}],"line":616},"70":{"loc":{"start":{"line":620,"column":14},"end":{"line":632,"column":15}},"type":"if","locations":[{"start":{"line":620,"column":14},"end":{"line":632,"column":15}},{"start":{"line":620,"column":14},"end":{"line":632,"column":15}}],"line":620},"71":{"loc":{"start":{"line":623,"column":21},"end":{"line":632,"column":15}},"type":"if","locations":[{"start":{"line":623,"column":21},"end":{"line":632,"column":15}},{"start":{"line":623,"column":21},"end":{"line":632,"column":15}}],"line":623},"72":{"loc":{"start":{"line":629,"column":21},"end":{"line":632,"column":15}},"type":"if","locations":[{"start":{"line":629,"column":21},"end":{"line":632,"column":15}},{"start":{"line":629,"column":21},"end":{"line":632,"column":15}}],"line":629},"73":{"loc":{"start":{"line":685,"column":6},"end":{"line":687,"column":7}},"type":"if","locations":[{"start":{"line":685,"column":6},"end":{"line":687,"column":7}},{"start":{"line":685,"column":6},"end":{"line":687,"column":7}}],"line":685},"74":{"loc":{"start":{"line":689,"column":9},"end":{"line":728,"column":3}},"type":"if","locations":[{"start":{"line":689,"column":9},"end":{"line":728,"column":3}},{"start":{"line":689,"column":9},"end":{"line":728,"column":3}}],"line":689},"75":{"loc":{"start":{"line":689,"column":13},"end":{"line":689,"column":57}},"type":"binary-expr","locations":[{"start":{"line":689,"column":13},"end":{"line":689,"column":43}},{"start":{"line":689,"column":47},"end":{"line":689,"column":57}}],"line":689},"76":{"loc":{"start":{"line":701,"column":9},"end":{"line":728,"column":3}},"type":"if","locations":[{"start":{"line":701,"column":9},"end":{"line":728,"column":3}},{"start":{"line":701,"column":9},"end":{"line":728,"column":3}}],"line":701},"77":{"loc":{"start":{"line":701,"column":13},"end":{"line":701,"column":54}},"type":"binary-expr","locations":[{"start":{"line":701,"column":13},"end":{"line":701,"column":41}},{"start":{"line":701,"column":45},"end":{"line":701,"column":54}}],"line":701},"78":{"loc":{"start":{"line":715,"column":4},"end":{"line":717,"column":5}},"type":"if","locations":[{"start":{"line":715,"column":4},"end":{"line":717,"column":5}},{"start":{"line":715,"column":4},"end":{"line":717,"column":5}}],"line":715},"79":{"loc":{"start":{"line":718,"column":9},"end":{"line":728,"column":3}},"type":"if","locations":[{"start":{"line":718,"column":9},"end":{"line":728,"column":3}},{"start":{"line":718,"column":9},"end":{"line":728,"column":3}}],"line":718},"80":{"loc":{"start":{"line":719,"column":4},"end":{"line":722,"column":54}},"type":"binary-expr","locations":[{"start":{"line":719,"column":4},"end":{"line":719,"column":39}},{"start":{"line":720,"column":4},"end":{"line":720,"column":45}},{"start":{"line":721,"column":4},"end":{"line":721,"column":54}},{"start":{"line":722,"column":4},"end":{"line":722,"column":54}}],"line":719},"81":{"loc":{"start":{"line":732,"column":4},"end":{"line":734,"column":5}},"type":"if","locations":[{"start":{"line":732,"column":4},"end":{"line":734,"column":5}},{"start":{"line":732,"column":4},"end":{"line":734,"column":5}}],"line":732},"82":{"loc":{"start":{"line":732,"column":8},"end":{"line":732,"column":50}},"type":"binary-expr","locations":[{"start":{"line":732,"column":8},"end":{"line":732,"column":17}},{"start":{"line":732,"column":21},"end":{"line":732,"column":50}}],"line":732}},"s":{"0":0,"1":0,"2":0,"3":0,"4":0,"5":0,"6":0,"7":0,"8":0,"9":0,"10":0,"11":0,"12":0,"13":0,"14":0,"15":0,"16":0,"17":0,"18":0,"19":0,"20":0,"21":0,"22":0,"23":0,"24":0,"25":0,"26":0,"27":0,"28":0,"29":0,"30":0,"31":0,"32":0,"33":0,"34":0,"35":0,"36":0,"37":0,"38":0,"39":0,"40":0,"41":0,"42":0,"43":0,"44":0,"45":0,"46":0,"47":0,"48":0,"49":0,"50":0,"51":0,"52":0,"53":0,"54":0,"55":0,"56":0,"57":0,"58":0,"59":0,"60":0,"61":0,"62":0,"63":0,"64":0,"65":0,"66":0,"67":0,"68":0,"69":0,"70":0,"71":0,"72":0,"73":0,"74":0,"75":0,"76":0,"77":0,"78":0,"79":0,"80":0,"81":0,"82":0,"83":0,"84":0,"85":0,"86":0,"87":0,"88":0,"89":0,"90":0,"91":0,"92":0,"93":0,"94":0,"95":0,"96":0,"97":0,"98":0,"99":0,"100":0,"101":0,"102":0,"103":0,"104":0,"105":0,"106":0,"107":0,"108":0,"109":0,"110":0,"111":0,"112":0,"113":0,"114":0,"115":0,"116":0,"117":0,"118":0,"119":0,"120":0,"121":0,"122":0,"123":0,"124":0,"125":0,"126":0,"127":0,"128":0,"129":0,"130":0,"131":0,"132":0,"133":0,"134":0,"135":0,"136":0,"137":0,"138":0,"139":0,"140":0,"141":0,"142":0,"143":0,"144":0,"145":0,"146":0,"147":0,"148":0,"149":0,"150":0,"151":0,"152":0,"153":0,"154":0,"155":0,"156":0,"157":0,"158":0,"159":0,"160":0,"161":0,"162":0,"163":0,"164":0,"165":0,"166":0,"167":0,"168":0,"169":0,"170":0,"171":0,"172":0,"173":0,"174":0,"175":0,"176":0,"177":0,"178":0,"179":0,"180":0,"181":0,"182":0,"183":0,"184":0,"185":0,"186":0,"187":0,"188":0,"189":0,"190":0,"191":0,"192":0,"193":0,"194":0,"195":0,"196":0,"197":0,"198":0,"199":0,"200":0,"201":0,"202":0,"203":0,"204":0,"205":0,"206":0,"207":0,"208":0,"209":0,"210":0,"211":0,"212":0,"213":0,"214":0,"215":0,"216":0,"217":0,"218":0,"219":0,"220":0,"221":0,"222":0,"223":0,"224":0,"225":0,"226":0,"227":0,"228":0,"229":0,"230":0,"231":0,"232":0,"233":0,"234":0,"235":0,"236":0,"237":0,"238":0,"239":0,"240":0,"241":0,"242":0,"243":0,"244":0,"245":0,"246":0,"247":0,"248":0,"249":0,"250":0,"251":0,"252":0,"253":0,"254":0,"255":0,"256":0,"257":0,"258":0,"259":0,"260":0,"261":0,"262":0,"263":0,"264":0,"265":0,"266":0,"267":0,"268":0,"269":0,"270":0,"271":0,"272":0,"273":0,"274":0,"275":0,"276":0,"277":0,"278":0,"279":0,"280":0,"281":0,"282":0,"283":0,"284":0,"285":0,"286":0,"287":0,"288":0,"289":0,"290":0,"291":0,"292":0,"293":0,"294":0,"295":0,"296":0,"297":0,"298":0,"299":0,"300":0,"301":0,"302":0,"303":0,"304":0,"305":0,"306":0,"307":0,"308":0,"309":0,"310":0,"311":0,"312":0,"313":0,"314":0,"315":0,"316":0,"317":0,"318":0,"319":0,"320":0,"321":0,"322":0,"323":0,"324":0,"325":0,"326":0,"327":0,"328":0,"329":0,"330":0,"331":0,"332":0,"333":0,"334":0,"335":0,"336":0,"337":0,"338":0,"339":0,"340":0,"341":0,"342":0,"343":0,"344":0,"345":0,"346":0,"347":0,"348":0,"349":0,"350":0,"351":0,"352":0,"353":0,"354":0,"355":0,"356":0,"357":0,"358":0,"359":0,"360":0,"361":0,"362":0,"363":0,"364":0,"365":0,"366":0},"f":{"0":0,"1":0,"2":0},"b":{"0":[0,0,0,0,0,0,0,0,0],"1":[0],"2":[0,0],"3":[0,0,0],"4":[0,0],"5":[0,0],"6":[0,0],"7":[0,0,0,0,0],"8":[0,0],"9":[0,0],"10":[0,0],"11":[0,0],"12":[0,0],"13":[0,0],"14":[0,0],"15":[0,0],"16":[0,0],"17":[0,0],"18":[0,0],"19":[0,0],"20":[0,0],"21":[0,0],"22":[0,0,0],"23":[0,0],"24":[0,0,0,0,0,0,0,0,0],"25":[0,0],"26":[0,0,0,0,0],"27":[0,0],"28":[0,0,0,0,0],"29":[0,0],"30":[0,0],"31":[0,0],"32":[0,0],"33":[0,0],"34":[0,0],"35":[0,0],"36":[0,0],"37":[0,0],"38":[0,0],"39":[0,0],"40":[0,0],"41":[0,0,0],"42":[0,0],"43":[0,0,0,0,0,0,0,0,0],"44":[0,0],"45":[0,0,0,0,0],"46":[0,0],"47":[0,0,0,0,0],"48":[0,0],"49":[0,0],"50":[0,0],"51":[0,0],"52":[0,0],"53":[0,0],"54":[0,0],"55":[0,0,0,0],"56":[0,0],"57":[0,0],"58":[0,0],"59":[0,0],"60":[0,0],"61":[0,0],"62":[0,0,0],"63":[0,0],"64":[0,0,0,0,0],"65":[0,0],"66":[0,0,0,0,0],"67":[0,0],"68":[0,0,0,0,0],"69":[0,0],"70":[0,0],"71":[0,0],"72":[0,0],"73":[0,0],"74":[0,0],"75":[0,0],"76":[0,0],"77":[0,0],"78":[0,0],"79":[0,0],"80":[0,0,0,0],"81":[0,0],"82":[0,0]},"all":true},"C:\\Users\\fatim\\Downloads\\JS-Code-Analyzer-main\\JS-Code-Analyzer-main\\test.js":{"path":"C:\\Users\\fatim\\Downloads\\JS-Code-Analyzer-main\\JS-Code-Analyzer-main\\test.js","statementMap":{"0":{"start":{"line":3,"column":2},"end":{"line":3,"column":15}},"1":{"start":{"line":7,"column":2},"end":{"line":7,"column":15}},"2":{"start":{"line":12,"column":2},"end":{"line":14,"column":3}},"3":{"start":{"line":13,"column":4},"end":{"line":13,"column":22}},"4":{"start":{"line":17,"column":0},"end":{"line":17,"column":48}},"5":{"start":{"line":19,"column":0},"end":{"line":19,"column":23}}},"fnMap":{"0":{"name":"add","decl":{"start":{"line":2,"column":9},"end":{"line":2,"column":12}},"loc":{"start":{"line":2,"column":19},"end":{"line":4,"column":1}},"line":2},"1":{"name":"subtract","decl":{"start":{"line":6,"column":9},"end":{"line":6,"column":17}},"loc":{"start":{"line":6,"column":24},"end":{"line":8,"column":1}},"line":6},"2":{"name":"checkNumber","decl":{"start":{"line":11,"column":9},"end":{"line":11,"column":20}},"loc":{"start":{"line":11,"column":26},"end":{"line":15,"column":1}},"line":11}},"branchMap":{"0":{"loc":{"start":{"line":12,"column":2},"end":{"line":14,"column":3}},"type":"if","locations":[{"start":{"line":12,"column":2},"end":{"line":14,"column":3}},{"start":{"line":12,"column":2},"end":{"line":14,"column":3}}],"line":12},"1":{"loc":{"start":{"line":12,"column":6},"end":{"line":12,"column":24}},"type":"binary-expr","locations":[{"start":{"line":12,"column":6},"end":{"line":12,"column":13}},{"start":{"line":12,"column":17},"end":{"line":12,"column":24}}],"line":12}},"s":{"0":0,"1":0,"2":0,"3":0,"4":0,"5":0},"f":{"0":0,"1":0,"2":0},"b":{"0":[0,0],"1":[0,0]},"all":true},"C:\\Users\\fatim\\Downloads\\JS-Code-Analyzer-main\\JS-Code-Analyzer-main\\testcasegenerator.js":{"path":"C:\\Users\\fatim\\Downloads\\JS-Code-Analyzer-main\\JS-Code-Analyzer-main\\testcasegenerator.js","statementMap":{"0":{"start":{"line":1,"column":11},"end":{"line":1,"column":24}},"1":{"start":{"line":4,"column":2},"end":{"line":21,"column":3}},"2":{"start":{"line":5,"column":21},"end":{"line":5,"column":58}},"3":{"start":{"line":6,"column":22},"end":{"line":6,"column":60}},"4":{"start":{"line":7,"column":4},"end":{"line":7,"column":37}},"5":{"start":{"line":8,"column":4},"end":{"line":8,"column":61}},"6":{"start":{"line":9,"column":9},"end":{"line":21,"column":3}},"7":{"start":{"line":10,"column":4},"end":{"line":10,"column":27}},"8":{"start":{"line":11,"column":9},"end":{"line":21,"column":3}},"9":{"start":{"line":12,"column":4},"end":{"line":12,"column":26}},"10":{"start":{"line":13,"column":9},"end":{"line":21,"column":3}},"11":{"start":{"line":14,"column":4},"end":{"line":14,"column":80}},"12":{"start":{"line":15,"column":9},"end":{"line":21,"column":3}},"13":{"start":{"line":16,"column":21},"end":{"line":16,"column":58}},"14":{"start":{"line":17,"column":22},"end":{"line":17,"column":60}},"15":{"start":{"line":18,"column":4},"end":{"line":18,"column":61}},"16":{"start":{"line":20,"column":4},"end":{"line":20,"column":30}},"17":{"start":{"line":31,"column":2},"end":{"line":528,"column":3}},"18":{"start":{"line":36,"column":4},"end":{"line":36,"column":48}},"19":{"start":{"line":38,"column":26},"end":{"line":38,"column":40}},"20":{"start":{"line":39,"column":27},"end":{"line":39,"column":42}},"21":{"start":{"line":41,"column":30},"end":{"line":41,"column":65}},"22":{"start":{"line":42,"column":31},"end":{"line":42,"column":67}},"23":{"start":{"line":44,"column":26},"end":{"line":44,"column":92}},"24":{"start":{"line":46,"column":4},"end":{"line":49,"column":5}},"25":{"start":{"line":47,"column":6},"end":{"line":47,"column":61}},"26":{"start":{"line":48,"column":6},"end":{"line":48,"column":13}},"27":{"start":{"line":51,"column":4},"end":{"line":73,"column":5}},"28":{"start":{"line":53,"column":6},"end":{"line":72,"column":9}},"29":{"start":{"line":74,"column":4},"end":{"line":96,"column":5}},"30":{"start":{"line":76,"column":6},"end":{"line":95,"column":9}},"31":{"start":{"line":97,"column":4},"end":{"line":114,"column":5}},"32":{"start":{"line":102,"column":6},"end":{"line":113,"column":9}},"33":{"start":{"line":115,"column":4},"end":{"line":132,"column":5}},"34":{"start":{"line":120,"column":6},"end":{"line":131,"column":9}},"35":{"start":{"line":134,"column":4},"end":{"line":136,"column":6}},"36":{"start":{"line":139,"column":4},"end":{"line":148,"column":5}},"37":{"start":{"line":140,"column":6},"end":{"line":140,"column":58}},"38":{"start":{"line":141,"column":6},"end":{"line":147,"column":8}},"39":{"start":{"line":150,"column":4},"end":{"line":159,"column":5}},"40":{"start":{"line":151,"column":6},"end":{"line":151,"column":57}},"41":{"start":{"line":152,"column":6},"end":{"line":158,"column":8}},"42":{"start":{"line":160,"column":9},"end":{"line":528,"column":3}},"43":{"start":{"line":168,"column":26},"end":{"line":168,"column":57}},"44":{"start":{"line":170,"column":4},"end":{"line":173,"column":5}},"45":{"start":{"line":171,"column":6},"end":{"line":171,"column":61}},"46":{"start":{"line":172,"column":6},"end":{"line":172,"column":13}},"47":{"start":{"line":175,"column":4},"end":{"line":194,"column":7}},"48":{"start":{"line":196,"column":4},"end":{"line":198,"column":6}},"49":{"start":{"line":200,"column":4},"end":{"line":213,"column":5}},"50":{"start":{"line":201,"column":6},"end":{"line":201,"column":58}},"51":{"start":{"line":202,"column":6},"end":{"line":212,"column":8}},"52":{"start":{"line":215,"column":4},"end":{"line":228,"column":5}},"53":{"start":{"line":216,"column":6},"end":{"line":216,"column":57}},"54":{"start":{"line":217,"column":6},"end":{"line":227,"column":8}},"55":{"start":{"line":229,"column":9},"end":{"line":528,"column":3}},"56":{"start":{"line":235,"column":26},"end":{"line":235,"column":57}},"57":{"start":{"line":237,"column":4},"end":{"line":240,"column":5}},"58":{"start":{"line":238,"column":6},"end":{"line":238,"column":61}},"59":{"start":{"line":239,"column":6},"end":{"line":239,"column":13}},"60":{"start":{"line":242,"column":4},"end":{"line":273,"column":5}},"61":{"start":{"line":243,"column":6},"end":{"line":263,"column":9}},"62":{"start":{"line":265,"column":6},"end":{"line":272,"column":9}},"63":{"start":{"line":275,"column":4},"end":{"line":277,"column":6}},"64":{"start":{"line":279,"column":4},"end":{"line":292,"column":5}},"65":{"start":{"line":280,"column":6},"end":{"line":280,"column":58}},"66":{"start":{"line":281,"column":6},"end":{"line":291,"column":8}},"67":{"start":{"line":294,"column":4},"end":{"line":307,"column":5}},"68":{"start":{"line":295,"column":6},"end":{"line":295,"column":57}},"69":{"start":{"line":296,"column":6},"end":{"line":306,"column":8}},"70":{"start":{"line":308,"column":9},"end":{"line":528,"column":3}},"71":{"start":{"line":314,"column":26},"end":{"line":314,"column":57}},"72":{"start":{"line":316,"column":4},"end":{"line":319,"column":5}},"73":{"start":{"line":317,"column":6},"end":{"line":317,"column":61}},"74":{"start":{"line":318,"column":6},"end":{"line":318,"column":13}},"75":{"start":{"line":321,"column":4},"end":{"line":340,"column":7}},"76":{"start":{"line":342,"column":4},"end":{"line":344,"column":6}},"77":{"start":{"line":346,"column":4},"end":{"line":359,"column":5}},"78":{"start":{"line":347,"column":6},"end":{"line":347,"column":58}},"79":{"start":{"line":348,"column":6},"end":{"line":358,"column":8}},"80":{"start":{"line":361,"column":4},"end":{"line":374,"column":5}},"81":{"start":{"line":362,"column":6},"end":{"line":362,"column":57}},"82":{"start":{"line":363,"column":6},"end":{"line":373,"column":8}},"83":{"start":{"line":376,"column":4},"end":{"line":527,"column":5}},"84":{"start":{"line":377,"column":28},"end":{"line":377,"column":59}},"85":{"start":{"line":379,"column":6},"end":{"line":382,"column":7}},"86":{"start":{"line":380,"column":8},"end":{"line":380,"column":63}},"87":{"start":{"line":381,"column":8},"end":{"line":381,"column":15}},"88":{"start":{"line":384,"column":6},"end":{"line":391,"column":9}},"89":{"start":{"line":393,"column":6},"end":{"line":395,"column":8}},"90":{"start":{"line":398,"column":6},"end":{"line":407,"column":7}},"91":{"start":{"line":399,"column":8},"end":{"line":399,"column":60}},"92":{"start":{"line":400,"column":8},"end":{"line":406,"column":10}},"93":{"start":{"line":409,"column":6},"end":{"line":418,"column":7}},"94":{"start":{"line":410,"column":8},"end":{"line":410,"column":59}},"95":{"start":{"line":411,"column":8},"end":{"line":417,"column":10}},"96":{"start":{"line":419,"column":11},"end":{"line":527,"column":5}},"97":{"start":{"line":425,"column":28},"end":{"line":425,"column":59}},"98":{"start":{"line":427,"column":6},"end":{"line":430,"column":7}},"99":{"start":{"line":428,"column":8},"end":{"line":428,"column":63}},"100":{"start":{"line":429,"column":8},"end":{"line":429,"column":15}},"101":{"start":{"line":432,"column":6},"end":{"line":439,"column":9}},"102":{"start":{"line":441,"column":6},"end":{"line":443,"column":8}},"103":{"start":{"line":445,"column":6},"end":{"line":454,"column":7}},"104":{"start":{"line":446,"column":8},"end":{"line":446,"column":55}},"105":{"start":{"line":447,"column":8},"end":{"line":453,"column":10}},"106":{"start":{"line":455,"column":11},"end":{"line":527,"column":5}},"107":{"start":{"line":459,"column":28},"end":{"line":459,"column":65}},"108":{"start":{"line":461,"column":6},"end":{"line":464,"column":7}},"109":{"start":{"line":462,"column":8},"end":{"line":462,"column":63}},"110":{"start":{"line":463,"column":8},"end":{"line":463,"column":15}},"111":{"start":{"line":466,"column":6},"end":{"line":473,"column":9}},"112":{"start":{"line":475,"column":6},"end":{"line":477,"column":8}},"113":{"start":{"line":478,"column":11},"end":{"line":527,"column":5}},"114":{"start":{"line":482,"column":6},"end":{"line":482,"column":59}},"115":{"start":{"line":484,"column":6},"end":{"line":501,"column":7}},"116":{"start":{"line":485,"column":8},"end":{"line":485,"column":57}},"117":{"start":{"line":486,"column":8},"end":{"line":488,"column":10}},"118":{"start":{"line":490,"column":8},"end":{"line":498,"column":11}},"119":{"start":{"line":491,"column":10},"end":{"line":497,"column":12}},"120":{"start":{"line":500,"column":8},"end":{"line":500,"column":46}},"121":{"start":{"line":503,"column":6},"end":{"line":503,"column":60}},"122":{"start":{"line":504,"column":11},"end":{"line":527,"column":5}},"123":{"start":{"line":505,"colum
[...]
:376},"72":{"loc":{"start":{"line":376,"column":8},"end":{"line":376,"column":48}},"type":"binary-expr","locations":[{"start":{"line":376,"column":8},"end":{"line":376,"column":35}},{"start":{"line":376,"column":39},"end":{"line":376,"column":48}}],"line":376},"73":{"loc":{"start":{"line":379,"column":6},"end":{"line":382,"column":7}},"type":"if","locations":[{"start":{"line":379,"column":6},"end":{"line":382,"column":7}},{"start":{"line":379,"column":6},"end":{"line":382,"column":7}}],"line":379},"74":{"loc":{"start":{"line":388,"column":10},"end":{"line":388,"column":74}},"type":"cond-expr","locations":[{"start":{"line":388,"column":41},"end":{"line":388,"column":55}},{"start":{"line":388,"column":58},"end":{"line":388,"column":74}}],"line":388},"75":{"loc":{"start":{"line":390,"column":10},"end":{"line":390,"column":77}},"type":"cond-expr","locations":[{"start":{"line":390,"column":42},"end":{"line":390,"column":57}},{"start":{"line":390,"column":60},"end":{"line":390,"column":77}}],"line":390},"76":{"loc":{"start":{"line":398,"column":6},"end":{"line":407,"column":7}},"type":"if","locations":[{"start":{"line":398,"column":6},"end":{"line":407,"column":7}},{"start":{"line":398,"column":6},"end":{"line":407,"column":7}}],"line":398},"77":{"loc":{"start":{"line":404,"column":10},"end":{"line":404,"column":74}},"type":"cond-expr","locations":[{"start":{"line":404,"column":41},"end":{"line":404,"column":55}},{"start":{"line":404,"column":58},"end":{"line":404,"column":74}}],"line":404},"78":{"loc":{"start":{"line":405,"column":10},"end":{"line":405,"column":77}},"type":"cond-expr","locations":[{"start":{"line":405,"column":42},"end":{"line":405,"column":57}},{"start":{"line":405,"column":60},"end":{"line":405,"column":77}}],"line":405},"79":{"loc":{"start":{"line":409,"column":6},"end":{"line":418,"column":7}},"type":"if","locations":[{"start":{"line":409,"column":6},"end":{"line":418,"column":7}},{"start":{"line":409,"column":6},"end":{"line":418,"column":7}}],"line":409},"80":{"loc":{"start":{"line":415,"column":10},"end":{"line":415,"column":74}},"type":"cond-expr","locations":[{"start":{"line":415,"column":41},"end":{"line":415,"column":55}},{"start":{"line":415,"column":58},"end":{"line":415,"column":74}}],"line":415},"81":{"loc":{"start":{"line":416,"column":10},"end":{"line":416,"column":77}},"type":"cond-expr","locations":[{"start":{"line":416,"column":42},"end":{"line":416,"column":57}},{"start":{"line":416,"column":60},"end":{"line":416,"column":77}}],"line":416},"82":{"loc":{"start":{"line":419,"column":11},"end":{"line":527,"column":5}},"type":"if","locations":[{"start":{"line":419,"column":11},"end":{"line":527,"column":5}},{"start":{"line":419,"column":11},"end":{"line":527,"column":5}}],"line":419},"83":{"loc":{"start":{"line":420,"column":6},"end":{"line":423,"column":29}},"type":"binary-expr","locations":[{"start":{"line":420,"column":7},"end":{"line":420,"column":37}},{"start":{"line":421,"column":8},"end":{"line":421,"column":38}},{"start":{"line":422,"column":8},"end":{"line":422,"column":36}},{"start":{"line":423,"column":6},"end":{"line":423,"column":29}}],"line":420},"84":{"loc":{"start":{"line":427,"column":6},"end":{"line":430,"column":7}},"type":"if","locations":[{"start":{"line":427,"column":6},"end":{"line":430,"column":7}},{"start":{"line":427,"column":6},"end":{"line":430,"column":7}}],"line":427},"85":{"loc":{"start":{"line":436,"column":10},"end":{"line":436,"column":74}},"type":"cond-expr","locations":[{"start":{"line":436,"column":41},"end":{"line":436,"column":55}},{"start":{"line":436,"column":58},"end":{"line":436,"column":74}}],"line":436},"86":{"loc":{"start":{"line":438,"column":10},"end":{"line":438,"column":77}},"type":"cond-expr","locations":[{"start":{"line":438,"column":42},"end":{"line":438,"column":57}},{"start":{"line":438,"column":60},"end":{"line":438,"column":77}}],"line":438},"87":{"loc":{"start":{"line":445,"column":6},"end":{"line":454,"column":7}},"type":"if","locations":[{"start":{"line":445,"column":6},"end":{"line":454,"column":7}},{"start":{"line":445,"column":6},"end":{"line":454,"column":7}}],"line":445},"88":{"loc":{"start":{"line":451,"column":10},"end":{"line":451,"column":74}},"type":"cond-expr","locations":[{"start":{"line":451,"column":41},"end":{"line":451,"column":55}},{"start":{"line":451,"column":58},"end":{"line":451,"column":74}}],"line":451},"89":{"loc":{"start":{"line":452,"column":10},"end":{"line":452,"column":77}},"type":"cond-expr","locations":[{"start":{"line":452,"column":42},"end":{"line":452,"column":57}},{"start":{"line":452,"column":60},"end":{"line":452,"column":77}}],"line":452},"90":{"loc":{"start":{"line":455,"column":11},"end":{"line":527,"column":5}},"type":"if","locations":[{"start":{"line":455,"column":11},"end":{"line":527,"column":5}},{"start":{"line":455,"column":11},"end":{"line":527,"column":5}}],"line":455},"91":{"loc":{"start":{"line":456,"column":6},"end":{"line":457,"column":35}},"type":"binary-expr","locations":[{"start":{"line":456,"column":6},"end":{"line":456,"column":41}},{"start":{"line":457,"column":6},"end":{"line":457,"column":35}}],"line":456},"92":{"loc":{"start":{"line":461,"column":6},"end":{"line":464,"column":7}},"type":"if","locations":[{"start":{"line":461,"column":6},"end":{"line":464,"column":7}},{"start":{"line":461,"column":6},"end":{"line":464,"column":7}}],"line":461},"93":{"loc":{"start":{"line":470,"column":10},"end":{"line":470,"column":74}},"type":"cond-expr","locations":[{"start":{"line":470,"column":41},"end":{"line":470,"column":55}},{"start":{"line":470,"column":58},"end":{"line":470,"column":74}}],"line":470},"94":{"loc":{"start":{"line":472,"column":10},"end":{"line":472,"column":77}},"type":"cond-expr","locations":[{"start":{"line":472,"column":42},"end":{"line":472,"column":57}},{"start":{"line":472,"column":60},"end":{"line":472,"column":77}}],"line":472},"95":{"loc":{"start":{"line":478,"column":11},"end":{"line":527,"column":5}},"type":"if","locations":[{"start":{"line":478,"column":11},"end":{"line":527,"column":5}},{"start":{"line":478,"column":11},"end":{"line":527,"column":5}}],"line":478},"96":{"loc":{"start":{"line":479,"column":6},"end":{"line":480,"column":41}},"type":"binary-expr","locations":[{"start":{"line":479,"column":6},"end":{"line":479,"column":41}},{"start":{"line":480,"column":6},"end":{"line":480,"column":41}}],"line":479},"97":{"loc":{"start":{"line":484,"column":6},"end":{"line":501,"column":7}},"type":"if","locations":[{"start":{"line":484,"column":6},"end":{"line":501,"column":7}},{"start":{"line":484,"column":6},"end":{"line":501,"column":7}}],"line":484},"98":{"loc":{"start":{"line":504,"column":11},"end":{"line":527,"column":5}},"type":"if","locations":[{"start":{"line":504,"column":11},"end":{"line":527,"column":5}},{"start":{"line":504,"column":11},"end":{"line":527,"column":5}}],"line":504},"99":{"loc":{"start":{"line":507,"column":6},"end":{"line":522,"column":7}},"type":"if","locations":[{"start":{"line":507,"column":6},"end":{"line":522,"column":7}},{"start":{"line":507,"column":6},"end":{"line":522,"column":7}}],"line":507},"100":{"loc":{"start":{"line":537,"column":2},"end":{"line":540,"column":3}},"type":"if","locations":[{"start":{"line":537,"column":2},"end":{"line":540,"column":3}},{"start":{"line":537,"column":2},"end":{"line":540,"column":3}}],"line":537},"101":{"loc":{"start":{"line":544,"column":2},"end":{"line":547,"column":3}},"type":"if","locations":[{"start":{"line":544,"column":2},"end":{"line":547,"column":3}},{"start":{"line":544,"column":2},"end":{"line":547,"column":3}}],"line":544}},"s":{"0":0,"1":0,"2":0,"3":0,"4":0,"5":0,"6":0,"7":0,"8":0,"9":0,"10":0,"11":0,"12":0,"13":0,"14":0,"15":0,"16":0,"17":0,"18":0,"19":0,"20":0,"21":0,"22":0,"23":0,"24":0,"25":0,"26":0,"27":0,"28":0,"29":0,"30":0,"31":0,"32":0,"33":0,"34":0,"35":0,"36":0,"37":0,"38":0,"39":0,"40":0,"41":0,"42":0,"43":0,"44":0,"45":0,"46":0,"47":0,"48":0,"49":0,"50":0,"51":0,"52":0,"53":0,"54":0,"55":0,"56":0,"57":0,"58":0,"59":0,"60":0,"61":0,"62":0,"63":0,"64":0,"65":0,"66":0,"67":0,"68":0,"69":0,"70":0,"71":0,"72":0,"73":0,"74":0,"75":0,"76":0,"77":0,"78":0,"79":0,"80":0,"81":0,"82":0,"83":0,"84":0,"85":0,"86":0,"87":0,"88":0,"89":0,"90":0,"91":0,"92":0,"93":0,"94":0,"95":0,"96":0,"97":0,"98":0,"99":0,"100":0,"101":0,"102":0,"103":0,"104":0,"105":0,"106":0,"107":0,"108":0,"109":0,"110":0,"111":0,"112":0,"113":0,"114":0,"115":0,"116":0,"117":0,"118":0,"119":0,"120":0,"121":0,"122":0,"123":0,"124":0,"125":0,"126":0,"127":0,"128":0,"129":0,"130":0,"131":0,"132":0,"133":0,"134":0,"135":0,"136":0,"137":0,"138":0,"139":0,"140":0,"141":0,"142":0,"143":0},"f":{"0":0,"1":0,"2":0,"3":0,"4":0,"5":0},"b":{"0":[0,0],"1":[0,0],"2":[0,0],"3":[0,0],"4":[0,0],"5":[0,0],"6":[0,0,0],"7":[0,0],"8":[0,0],"9":[0,0],"10":[0,0],"11":[0,0],"12":[0,0],"13":[0,0],"14":[0,0],"15":[0,0],"16":[0,0],"17":[0,0],"18":[0,0],"19":[0,0],"20":[0,0],"21":[0,0],"22":[0,0],"23":[0,0],"24":[0,0],"25":[0,0],"26":[0,0],"27":[0,0],"28":[0,0],"29":[0,0,0,0,0,0],"30":[0,0],"31":[0,0],"32":[0,0],"33":[0,0],"34":[0,0],"35":[0,0],"36":[0,0],"37":[0,0],"38":[0,0],"39":[0,0],"40":[0,0],"41":[0,0],"42":[0,0,0,0],"43":[0,0],"44":[0,0],"45":[0,0],"46":[0,0],"47":[0,0],"48":[0,0],"49":[0,0],"50":[0,0],"51":[0,0],"52":[0,0],"53":[0,0],"54":[0,0],"55":[0,0],"56":[0,0],"57":[0,0],"58":[0,0],"59":[0,0,0,0],"60":[0,0],"61":[0,0],"62":[0,0],"63":[0,0],"64":[0,0],"65":[0,0],"66":[0,0],"67":[0,0],"68":[0,0],"69":[0,0],"70":[0,0],"71":[0,0],"72":[0,0],"73":[0,0],"74":[0,0],"75":[0,0],"76":[0,0],"77":[0,0],"78":[0,0],"79":[0,0],"80":[0,0],"81":[0,0],"82":[0,0],"83":[0,0,0,0],"84":[0,0],"85":[0,0],"86":[0,0],"87":[0,0],"88":[0,0],"89":[0,0],"90":[0,0],"91":[0,0],"92":[0,0],"93":[0,0],"94":[0,0],"95":[0,0],"96":[0,0],"97":[0,0],"98":[0,0],"99":[0,0],"100":[0,0],"101":[0,0]},"all":true},"C:\\Users\\fatim\\Downloads\\JS-Code-Analyzer-main\\JS-Code-Analyzer-main\\TestFunctionCallsAppender.js":{"path":"C:\\Users\\fatim\\Downloads\\JS-Code-Analyzer-main\\JS-Code-Analyzer-main\\TestFunctionCallsAppender.js","statementMap":{"0":{"start":{"line":1,"column":11},"end":{"line":1,"column":24}},"1":{"start":{"line":2,"column":13},"end":{"line":2,"column":18}},"2":{"start":{"line":3,"column":14},"end":{"line":3,"column":19}},"3":{"start":{"line":5,"column":23},"end":{"line":5,"column":36}},"4":{"start":{"line":6,"column":20},"end":{"line":6,"column":42}},"5":{"start":{"line":7,"column":21},"end":{"line":7,"column":52}},"6":{"start":{"line":8,"column":22},"end":{"line":8,"column":54}},"7":{"start":{"line":11,"column":20},"end":{"line":11,"column":50}},"8":{"start":{"line":14,"column":25},"end":{"line":18,"column":33}},"9":{"start":{"line":18,"column":20},"end":{"line":18,"column":32}},"10":{"start":{"line":21,"column":24},"end":{"line":21,"column":26}},"11":{"start":{"line":24,"column":2},"end":{"line":33,"column":5}},"12":{"start":{"line":25,"column":23},"end":{"line":31,"column":5}},"13":{"start":{"line":32,"column":4},"end":{"line":32,"column":60}},"14":{"start":{"line":32,"column":29},"end":{"line":32,"column":60}},"15":{"start":{"line":34,"column":2},"end":{"line":43,"column":5}},"16":{"start":{"line":35,"column":23},"end":{"line":41,"column":5}},"17":{"start":{"line":42,"column":4},"end":{"line":42,"column":35}},"18":{"start":{"line":45,"column":2},"end":{"line":45,"column":23}},"19":{"start":{"line":49,"column":17},"end":{"line":49,"column":19}},"20":{"start":{"line":51,"column":19},"end":{"line":51,"column":36}},"21":{"start":{"line":52,"column":2},"end":{"line":65,"column":5}},"22":{"start":{"line":53,"column":16},"end":{"line":53,"column":39}},"23":{"start":{"line":54,"column":22},"end":{"line":54,"column":36}},"24":{"start":{"line":56,"column":4},"end":{"line":64,"column":5}},"25":{"start":{"line":57,"column":6},"end":{"line":57,"column":33}},"26":{"start":{"line":59,"column":6},"end":{"line":59,"column":21}},"27":{"start":{"line":60,"column":11},"end":{"line":64,"column":5}},"28":{"start":{"line":61,"column":6},"end":{"line":61,"column":20}},"29":{"start":{"line":63,"column":6},"end":{"line":63,"column":39}},"30":{"start":{"line":67,"column":2},"end":{"line":67,"column":16}},"31":{"start":{"line":77,"column":22},"end":{"line":77,"column":24}},"32":{"start":{"line":78,"column":14},"end":{"line":78,"column":15}},"33":{"start":{"line":80,"column":2},"end":{"line":87,"column":5}},"34":{"start":{"line":81,"column":4},"end":{"line":86,"column":5}},"35":{"start":{"line":82,"column":6},"end":{"line":84,"column":24}},"36":{"start":{"line":85,"column":6},"end":{"line":85,"column":14}},"37":{"start":{"line":88,"column":2},"end":{"line":92,"column":5}},"38":{"start":{"line":89,"column":4},"end":{"line":91,"column":5}},"39":{"start":{"line":90,"column":6},"end":{"line":90,"column":41}},"40":{"start":{"line":94,"column":2},"end":{"line":96,"column":3}},"41":{"start":{"line":95,"column":4},"end":{"line":95,"column":16}},"42":{"start":{"line":97,"column":21},"end":{"line":99,"column":7}},"43":{"start":{"line":101,"column":2},"end":{"line":101,"column":20}},"44":{"start":{"line":105,"column":18},"end":{"line":105,"column":35}},"45":{"start":{"line":108,"column":18},"end":{"line":108,"column":45}},"46":{"start":{"line":110,"column":17},"end":{"line":110,"column":26}},"47":{"start":{"line":112,"column":18},"end":{"line":112,"column":20}},"48":{"start":{"line":114,"column":0},"end":{"line":116,"column":1}},"49":{"start":{"line":115,"column":2},"end":{"line":115,"column":51}},"50":{"start":{"line":117,"column":18},"end":{"line":117,"column":58}},"51":{"start":{"line":118,"column":23},"end":{"line":118,"column":53}},"52":{"start":{"line":121,"column":0},"end":{"line":123,"column":1}},"53":{"start":{"line":122,"column":2},"end":{"line":122,"column":57}},"54":{"start":{"line":125,"column":0},"end":{"line":140,"column":3}},"55":{"start":{"line":127,"column":23},"end":{"line":127,"column":47}},"56":{"start":{"line":129,"column":2},"end":{"line":139,"column":3}},"57":{"start":{"line":131,"column":26},"end":{"line":131,"column":71}},"58":{"start":{"line":134,"column":4},"end":{"line":136,"column":8}},"59":{"start":{"line":138,"column":4},"end":{"line":138,"column":58}},"60":{"start":{"line":143,"column":0},"end":{"line":143,"column":40}},"61":{"start":{"line":145,"column":0},"end":{"line":145,"column":64}}},"fnMap":{"0":{"name":"generateFunctionCalls","decl":{"start":{"line":4,"column":9},"end":{"line":4,"column":30}},"loc":{"start":{"line":4,"column":57},"end":{"line":46,"column":1}},"line":4},"1":{"name":"(anonymous_1)","decl":{"start":{"line":18,"column":9},"end":{"line":18,"column":10}},"loc":{"start":{"line":18,"column":20},"end":{"line":18,"column":32}},"line":18},"2":{"name":"(anonymous_2)","decl":{"start":{"line":24,"column":22},"end":{"line":24,"column":23}},"loc":{"start":{"line":24,"column":38},"end":{"line":33,"column":3}},"line":24},"3":{"name":"(anonymous_3)","decl":{"start":{"line":34,"column":21},"end":{"line":34,"column":22}},"loc":{"start":{"line":34,"column":36},"end":{"line":43,"column":3}},"line":34},"4":{"name":"extractValues","decl":{"start":{"line":48,"column":9},"end":{"line":48,"column":22}},"loc":{"start":{"line":48,"column":39},"end":{"line":68,"column":1}},"line":48},"5":{"name":"(anonymous_5)","decl":{"start":{"line":52,"column":19},"end":{"line":52,"column":20}},"loc":{"start":{"line":52,"column":31},"end":{"line":65,"column":3}},"line":52},"6":{"name":"generateCallString","decl":{"start":{"line":70,"column":9},"end":{"line":70,"column":27}},"loc":{"start":{"line":76,"column":2},"end":{"line":102,"column":1}},"line":76},"7":{"name":"(anonymous_7)","decl":{"start":{"line":80,"column":25},"end":{"line":80,"column":26}},"loc":{"start":{"line":80,"column":43},"end":{"line":87,"column":3}},"line":80},"8":{"name":"(anonymous_8)","decl":{"start":{"line":88,"column":25},"end":{"line":88,"column":26}},"loc":{"start":{"line":88,"column":43},"end":{"line":92,"column":3}},"line":88},"9":{"name":"(anonymous_9)","decl":{"start":{"line":125,"column":18},"end":{"line":125,"column":19}},"loc":{"start":{"line":125,"column":32},"end":{"line":140,"column":1}},"line":125}},"branchMap":{"0":{"loc":{"start":{"line":32,"column":4},"end":{"line":32,"column":60}},"type":"if","locations":[{"start":{"line":32,"column":4},"end":{"line":32,"column":60}},{"start":{"line":32,"column":4},"end":{"line":32,"column":60}}],"line":32},"1":{"loc":{"start":{"line":56,"column":4},"end":{"line":64,"column":5}},"type":"if","locations":[{"start":{"line":56,"column":4},"end":{"line":64,"column":5}},{"start":{"line":56,"column":4},"end":{"line":64,"column":5}}],"line":56},"2":{"loc":{"start":{"line":60,"column":11},"end":{"line":64,"column":5}},"type":"if","locations":[{"start":{"line":60,"column":11},"end":{"line":64,"column":5}},{"start":{"line":60,"column":11},"end":{"line":64,"column":5}}],"line":60},"3":{"loc":{"start":{"line":81,"column":4},"end":{"line":86,"column":5}},"type":"if","locations":[{"start":{"line":81,"column":4},"end":{"line":86,"column":5}},{"start":{"line":81,"column":4},"end":{"line":86,"column":5}}],"line":81},"4":{"loc":{"start":{"line":81,"column":8},"end":{"line":81,"column":46}},"type":"binary-expr","locations":[{"start":{"line":81,"column":8},"end":{"line":81,"column":17}},{"start":{"line":81,"column":21},"end":{"line":81,"column":46}}],"line":81},"5":{"loc":{"start":{"line":82,"column":27},"end":{"line":84,"column":23}},"type":"cond-expr","locations":[{"start":{"line":83,"column":10},"end":{"line":83,"column":28}},{"start":{"line":84,"column":10},"end":{"line":84,"column":23}}],"line":82},"6":{"loc":{"start":{"line":89,"column":4},"end":{"line":91,"column":5}},"type":"if","locations":[{"start":{"line":89,"column":4},"end":{"line":91,"column":5}},{"start":{"line":89,"column":4},"end":{"line":91,"column":5}}],"line":89},"7":{"loc":{"start":{"line":89,"column":8},"end":{"line":89,"column":56}},"type":"binary-expr","locations":[{"start":{"line":89,"column":8},"end":{"line":89,"column":17}},{"start":{"line":89,"column":21},"end":{"line":89,"column":47}},{"start":{"line":89,"column":51},"end":{"line":89,"column":56}}],"line":89},"8":{"loc":{"start":{"line":94,"column":2},"end":{"line":96,"column":3}},"type":"if","locations":[{"start":{"line":94,"column":2},"end":{"line":96,"column":3}},{"start":{"line":94,"column":2},"end":{"line":96,"column":3}}],"line":94},"9":{"loc":{"start":{"line":98,"column":4},"end":{"line":98,"column":41}},"type":"cond-expr","locations":[{"start":{"line":98,"column":32},"end":{"line":98,"column":36}},{"start":{"line":98,"column":39},"end":{"line":98,"column":41}}],"line":98},"10":{"loc":{"start":{"line":114,"column":0},"end":{"line":116,"column":1}},"type":"if","locations":[{"start":{"line":114,"column":0},"end":{"line":116,"column":1}},{"start":{"line":114,"column":0},"end":{"line":116,"column":1}}],"line":114},"11":{"loc":{"start":{"line":121,"column":0},"end":{"line":123,"column":1}},"type":"if","locations":[{"start":{"line":121,"column":0},"end":{"line":123,"column":1}},{"start":{"line":121,"column":0},"end":{"line":123,"column":1}}],"line":121},"12":{"loc":{"start":{"line":129,"column":2},"end":{"line":139,"column":3}},"type":"if","locations":[{"start":{"line":129,"column":2},"end":{"line":139,"column":3}},{"start":{"line":129,"column":2},"end":{"line":139,"column":3}}],"line":129}},"s":{"0":0,"1":0,"2":0,"3":0,"4":0,"5":0,"6":0,"7":0,"8":0,"9":0,"10":0,"11":0,"12":0,"13":0,"14":0,"15":0,"16":0,"17":0,"18":0,"19":0,"20":0,"21":0,"22":0,"23":0,"24":0,"25":0,"26":0,"27":0,"28":0,"29":0,"30":0,"31":0,"32":0,"33":0,"34":0,"35":0,"36":0,"37":0,"38":0,"39":0,"40":0,"41":0,"42":0,"43":0,"44":0,"45":0,"46":0,"47":0,"48":0,"49":0,"50":0,"51":0,"52":0,"53":0,"54":0,"55":0,"56":0,"57":0,"58":0,"59":0,"60":0,"61":0},"f":{"0":0,"1":0,"2":0,"3":0,"4":0,"5":0,"6":0,"7":0,"8":0,"9":0},"b":{"0":[0,0],"1":[0,0],"2":[0,0],"3":[0,0],"4":[0,0],"5":[0,0],"6":[0,0],"7":[0,0,0],"8":[0,0],"9":[0,0],"10":[0,0],"11":[0,0],"12":[0,0]},"all":true}}