{
  "C:\\Users\\fatim\\Downloads\\JS-Code-Analyzer-main\\JS-Code-Analyzer-main\\test.js": {
    "path": "C:\\Users\\fatim\\Downloads\\JS-Code-Analyzer-main\\JS-Code-Analyzer-main\\test.js",
    "s": {
      "1": 1,
      "2": 12,
      "3": 0,
      "4": 1,
      "5": 1,
      "6": 1,
      "7": 1,
      "8": 1,
      "9": 1,
      "10": 1,
      "11": 1,
      "12": 1,
      "13": 1,
      "14": 1,
      "15": 1,
      "16": 1,
      "17": 1
    },
    "b": { "1": [0, 12], "2": [12, 2], "3": [0, 0] },
    "f": { "1": 12, "2": 0 },
    "fnMap": {
      "1": {
        "name": "name",
        "line": 1,
        "loc": {
          "start": { "line": 1, "column": 0 },
          "end": { "line": 1, "column": 20 }
        }
      },
      "2": {
        "name": "hi",
        "line": 8,
        "loc": {
          "start": { "line": 8, "column": 0 },
          "end": { "line": 9, "column": 0 }
        }
      }
    },
    "statementMap": {
      "1": {
        "start": { "line": 1, "column": 0 },
        "end": { "line": 6, "column": 1 }
      },
      "2": {
        "start": { "line": 2, "column": 2 },
        "end": { "line": 5, "column": 3 }
      },
      "3": {
        "start": { "line": 3, "column": 4 },
        "end": { "line": 4, "column": 5 }
      },
      "4": {
        "start": { "line": 8, "column": 0 },
        "end": { "line": 11, "column": 1 }
      },
      "5": {
        "start": { "line": 13, "column": 0 },
        "end": { "line": 13, "column": 30 }
      },
      "6": {
        "start": { "line": 15, "column": 0 },
        "end": { "line": 15, "column": 53 }
      },
      "7": {
        "start": { "line": 16, "column": 0 },
        "end": { "line": 16, "column": 50 }
      },
      "8": {
        "start": { "line": 17, "column": 0 },
        "end": { "line": 17, "column": 32 }
      },
      "9": {
        "start": { "line": 18, "column": 0 },
        "end": { "line": 18, "column": 31 }
      },
      "10": {
        "start": { "line": 20, "column": 0 },
        "end": { "line": 20, "column": 27 }
      },
      "11": {
        "start": { "line": 21, "column": 0 },
        "end": { "line": 21, "column": 27 }
      },
      "12": {
        "start": { "line": 22, "column": 0 },
        "end": { "line": 22, "column": 28 }
      },
      "13": {
        "start": { "line": 23, "column": 0 },
        "end": { "line": 23, "column": 28 }
      },
      "14": {
        "start": { "line": 25, "column": 0 },
        "end": { "line": 25, "column": 32 }
      },
      "15": {
        "start": { "line": 26, "column": 0 },
        "end": { "line": 26, "column": 31 }
      },
      "16": {
        "start": { "line": 27, "column": 0 },
        "end": { "line": 27, "column": 31 }
      },
      "17": {
        "start": { "line": 28, "column": 0 },
        "end": { "line": 28, "column": 32 }
      }
    },
    "branchMap": {
      "1": {
        "line": 2,
        "type": "if",
        "locations": [
          {
            "start": { "line": 2, "column": 2 },
            "end": { "line": 2, "column": 2 }
          },
          {
            "start": { "line": 2, "column": 2 },
            "end": { "line": 2, "column": 2 }
          }
        ]
      },
      "2": {
        "line": 2,
        "type": "binary-expr",
        "locations": [
          {
            "start": { "line": 2, "column": 6 },
            "end": { "line": 2, "column": 15 }
          },
          {
            "start": { "line": 2, "column": 19 },
            "end": { "line": 2, "column": 24 }
          }
        ]
      },
      "3": {
        "line": 3,
        "type": "if",
        "locations": [
          {
            "start": { "line": 3, "column": 4 },
            "end": { "line": 3, "column": 4 }
          },
          {
            "start": { "line": 3, "column": 4 },
            "end": { "line": 3, "column": 4 }
          }
        ]
      }
    }
  }
}
