{"C:\\Users\\fatim\\Downloads\\JS-Code-Analyzer-main\\JS-Code-Analyzer-main\\test.js":{"path":"C:\\Users\\fatim\\Downloads\\JS-Code-Analyzer-main\\JS-Code-Analyzer-main\\test.js","s":{"1":1,"2":2,"3":2,"4":11,"5":11,"6":0,"7":11,"8":0,"9":11,"10":11,"11":0,"12":2,"13":1,"14":4,"15":3,"16":3,"17":1,"18":1,"19":0,"20":1,"21":2,"22":1,"23":1,"24":1,"25":1,"26":1,"27":1,"28":1,"29":1,"30":1,"31":1,"32":1},"b":{"1":[0,11],"2":[0,11],"3":[11,0],"4":[11,0],"5":[11,11],"6":[3,1],"7":[1,0],"8":[1,1]},"f":{"1":2,"2":4,"3":2},"fnMap":{"1":{"name":"processNumbers","line":3,"loc":{"start":{"line":3,"column":0},"end":{"line":3,"column":33}}},"2":{"name":"processString","line":32,"loc":{"start":{"line":32,"column":0},"end":{"line":32,"column":37}}},"3":{"name":"checkRelationship","line":50,"loc":{"start":{"line":50,"column":0},"end":{"line":50,"column":43}}}},"statementMap":{"1":{"start":{"line":3,"column":0},"end":{"line":27,"column":1}},"2":{"start":{"line":4,"column":2},"end":{"line":4,"column":18}},"3":{"start":{"line":6,"column":2},"end":{"line":24,"column":3}},"4":{"start":{"line":7,"column":4},"end":{"line":7,"column":35}},"5":{"start":{"line":9,"column":4},"end":{"line":12,"column":5}},"6":{"start":{"line":11,"column":6},"end":{"line":11,"column":15}},"7":{"start":{"line":14,"column":4},"end":{"line":23,"column":5}},"8":{"start":{"line":16,"column":6},"end":{"line":16,"column":49}},"9":{"start":{"line":17,"column":11},"end":{"line":23,"column":5}},"10":{"start":{"line":19,"column":6},"end":{"line":19,"column":33}},"11":{"start":{"line":22,"column":6},"end":{"line":22,"column":72}},"12":{"start":{"line":26,"column":2},"end":{"line":26,"column":16}},"13":{"start":{"line":32,"column":0},"end":{"line":45,"column":1}},"14":{"start":{"line":33,"column":2},"end":{"line":36,"column":3}},"15":{"start":{"line":34,"column":4},"end":{"line":34,"column":60}},"16":{"start":{"line":35,"column":4},"end":{"line":35,"column":11}},"17":{"start":{"line":40,"column":2},"end":{"line":44,"column":3}},"18":{"start":{"line":41,"column":4},"end":{"line":41,"column":36}},"19":{"start":{"line":43,"column":4},"end":{"line":43,"column":36}},"20":{"start":{"line":50,"column":0},"end":{"line":57,"column":1}},"21":{"start":{"line":52,"column":2},"end":{"line":56,"column":3}},"22":{"start":{"line":53,"column":4},"end":{"line":53,"column":50}},"23":{"start":{"line":55,"column":4},"end":{"line":55,"column":54}},"24":{"start":{"line":63,"column":0},"end":{"line":63,"column":70}},"25":{"start":{"line":65,"column":0},"end":{"line":65,"column":18}},"26":{"start":{"line":66,"column":0},"end":{"line":66,"column":18}},"27":{"start":{"line":68,"column":0},"end":{"line":68,"column":43}},"28":{"start":{"line":69,"column":0},"end":{"line":69,"column":25}},"29":{"start":{"line":71,"column":0},"end":{"line":71,"column":20}},"30":{"start":{"line":72,"column":0},"end":{"line":72,"column":16}},"31":{"start":{"line":74,"column":0},"end":{"line":74,"column":70}},"32":{"start":{"line":75,"column":0},"end":{"line":75,"column":87}}},"branchMap":{"1":{"line":9,"type":"if","locations":[{"start":{"line":9,"column":4},"end":{"line":9,"column":4}},{"start":{"line":9,"column":4},"end":{"line":9,"column":4}}]},"2":{"line":14,"type":"if","locations":[{"start":{"line":14,"column":4},"end":{"line":14,"column":4}},{"start":{"line":14,"column":4},"end":{"line":14,"column":4}}]},"3":{"line":14,"type":"binary-expr","locations":[{"start":{"line":14,"column":8},"end":{"line":14,"column":25}},{"start":{"line":14,"column":29},"end":{"line":14,"column":47}}]},"4":{"line":17,"type":"if","locations":[{"start":{"line":17,"column":11},"end":{"line":17,"column":11}},{"start":{"line":17,"column":11},"end":{"line":17,"column":11}}]},"5":{"line":17,"type":"binary-expr","locations":[{"start":{"line":17,"column":15},"end":{"line":17,"column":33}},{"start":{"line":17,"column":37},"end":{"line":17,"column":56}}]},"6":{"line":33,"type":"if","locations":[{"start":{"line":33,"column":2},"end":{"line":33,"column":2}},{"start":{"line":33,"column":2},"end":{"line":33,"column":2}}]},"7":{"line":40,"type":"if","locations":[{"start":{"line":40,"column":2},"end":{"line":40,"column":2}},{"start":{"line":40,"column":2},"end":{"line":40,"column":2}}]},"8":{"line":52,"type":"if","locations":[{"start":{"line":52,"column":2},"end":{"line":52,"column":2}},{"start":{"line":52,"column":2},"end":{"line":52,"column":2}}]}}}}