TN:
SF:C:\Users\fatim\Downloads\JS-Code-Analyzer-main\JS-Code-Analyzer-main\test.js
FN:3,processNumbers
FN:32,processString
FN:50,checkRelationship
FNF:3
FNH:3
FNDA:2,processNumbers
FNDA:4,processString
FNDA:2,checkRelationship
DA:3,1
DA:4,2
DA:6,2
DA:7,11
DA:9,11
DA:11,0
DA:14,11
DA:16,0
DA:17,11
DA:19,11
DA:22,0
DA:26,2
DA:32,1
DA:33,4
DA:34,3
DA:35,3
DA:40,1
DA:41,1
DA:43,0
DA:50,1
DA:52,2
DA:53,1
DA:55,1
DA:63,1
DA:65,1
DA:66,1
DA:68,1
DA:69,1
DA:71,1
DA:72,1
DA:74,1
DA:75,1
LF:32
LH:28
BRDA:9,1,0,0
BRDA:9,1,1,11
BRDA:14,2,0,0
BRDA:14,2,1,11
BRDA:14,3,0,11
BRDA:14,3,1,0
BRDA:17,4,0,11
BRDA:17,4,1,0
BRDA:17,5,0,11
BRDA:17,5,1,11
BRDA:33,6,0,3
BRDA:33,6,1,1
BRDA:40,7,0,1
BRDA:40,7,1,0
BRDA:52,8,0,1
BRDA:52,8,1,1
BRF:16
BRH:11
end_of_record
