TN:
SF:C:\Users\fatim\Downloads\JS-Code-Analyzer-main\JS-Code-Analyzer-main\test.js
FN:2,add
FN:6,subtract
FN:10,multiply
FN:14,divide
FN:22,square
FN:26,greet
FNF:6
FNH:6
FNDA:1,add
FNDA:1,subtract
FNDA:2,multiply
FNDA:6,divide
FNDA:1,square
FNDA:6,greet
DA:2,1
DA:3,1
DA:6,1
DA:7,1
DA:10,1
DA:11,2
DA:14,1
DA:15,6
DA:16,5
DA:18,1
DA:22,1
DA:23,1
DA:26,1
DA:27,6
DA:28,5
DA:30,1
DA:34,1
DA:35,1
DA:36,1
DA:37,1
DA:38,1
DA:39,1
DA:40,1
DA:41,1
DA:44,1
DA:46,1
DA:47,1
DA:48,1
DA:49,1
DA:51,1
DA:52,1
DA:53,1
DA:54,1
LF:33
LH:33
BRDA:15,1,0,5
BRDA:15,1,1,1
BRDA:27,2,0,5
BRDA:27,2,1,1
BRF:4
BRH:4
end_of_record
